TpTrace Verbose: 0 : 19332, 1, 2022/12/15, 03:37:20.559, 86051137403, vstest.console.dll, Version: 17.4.0-release-20221019-01 Current process architecture: X64
TpTrace Verbose: 0 : 19332, 1, 2022/12/15, 03:37:20.561, 86051156550, vstest.console.dll, Runtime location: C:\Program Files\dotnet\shared\Microsoft.NETCore.App\7.0.0
TpTrace Verbose: 0 : 19332, 1, 2022/12/15, 03:37:20.565, 86051199143, vstest.console.dll, ArtifactProcessingPostProcessModeProcessorExecutor.Initialize: ArtifactProcessingMode.Collect
TpTrace Verbose: 0 : 19332, 1, 2022/12/15, 03:37:20.566, 86051200822, vstest.console.dll, TestSessionCorrelationIdProcessorModeProcessorExecutor.Initialize: TestSessionCorrelationId '22008_bf1b7934-3e65-4242-8e37-f207b50735a1'
TpTrace Information: 0 : 19332, 1, 2022/12/15, 03:37:20.575, 86051295715, vstest.console.dll, FilePatternParser: The given file D:\C#\zapas\master\SpendLess\UnitTests\bin\Debug\net7.0\fine-code-coverage\build-output\Tests.dll is a full path.
TpTrace Verbose: 0 : 19332, 1, 2022/12/15, 03:37:20.584, 86051383971, vstest.console.dll, TestPluginCache.DiscoverTestExtensions: finding test extensions in assemblies ends with: RuntimeProvider.dll TPluginInfo: Microsoft.VisualStudio.TestPlatform.Common.ExtensionFramework.Utilities.TestRuntimePluginInformation TExtension: Microsoft.VisualStudio.TestPlatform.ObjectModel.Host.ITestRuntimeProvider
TpTrace Verbose: 0 : 19332, 1, 2022/12/15, 03:37:20.584, 86051385833, vstest.console.dll, TestPluginCache.GetExtensionPaths: Filtered extension paths: 
TpTrace Verbose: 0 : 19332, 1, 2022/12/15, 03:37:20.584, 86051386376, vstest.console.dll, TestPluginCache.GetExtensionPaths: Added default extension paths: C:\Program Files\dotnet\sdk\7.0.100\Extensions\Microsoft.Diagnostics.NETCore.Client.dll
C:\Program Files\dotnet\sdk\7.0.100\Extensions\Microsoft.TestPlatform.Extensions.BlameDataCollector.dll
C:\Program Files\dotnet\sdk\7.0.100\Extensions\Microsoft.TestPlatform.Extensions.EventLogCollector.dll
C:\Program Files\dotnet\sdk\7.0.100\Extensions\Microsoft.TestPlatform.TestHostRuntimeProvider.dll
C:\Program Files\dotnet\sdk\7.0.100\Extensions\Microsoft.VisualStudio.TestPlatform.Extensions.Html.TestLogger.dll
C:\Program Files\dotnet\sdk\7.0.100\Extensions\Microsoft.VisualStudio.TestPlatform.Extensions.Trx.TestLogger.dll
TpTrace Verbose: 0 : 19332, 1, 2022/12/15, 03:37:20.584, 86051386578, vstest.console.dll, TestPluginCache.GetExtensionPaths: Added unfilterableExtensionPaths: 
TpTrace Information: 0 : 19332, 1, 2022/12/15, 03:37:20.585, 86051393190, vstest.console.dll, AssemblyResolver.ctor: Creating AssemblyResolver with searchDirectories C:\Program Files\dotnet\sdk\7.0.100\Extensions,C:\Program Files\dotnet\sdk\7.0.100
TpTrace Verbose: 0 : 19332, 1, 2022/12/15, 03:37:20.586, 86051402010, vstest.console.dll, TestPluginCache.DiscoverTestExtensions: Discovering the extensions using extension path.
TpTrace Verbose: 0 : 19332, 1, 2022/12/15, 03:37:20.586, 86051402953, vstest.console.dll, TestPluginCache.GetExtensionPaths: Filtered extension paths: 
TpTrace Verbose: 0 : 19332, 1, 2022/12/15, 03:37:20.586, 86051403268, vstest.console.dll, TestPluginCache.GetExtensionPaths: Added default extension paths: C:\Program Files\dotnet\sdk\7.0.100\Extensions\Microsoft.Diagnostics.NETCore.Client.dll
C:\Program Files\dotnet\sdk\7.0.100\Extensions\Microsoft.TestPlatform.Extensions.BlameDataCollector.dll
C:\Program Files\dotnet\sdk\7.0.100\Extensions\Microsoft.TestPlatform.Extensions.EventLogCollector.dll
C:\Program Files\dotnet\sdk\7.0.100\Extensions\Microsoft.TestPlatform.TestHostRuntimeProvider.dll
C:\Program Files\dotnet\sdk\7.0.100\Extensions\Microsoft.VisualStudio.TestPlatform.Extensions.Html.TestLogger.dll
C:\Program Files\dotnet\sdk\7.0.100\Extensions\Microsoft.VisualStudio.TestPlatform.Extensions.Trx.TestLogger.dll
TpTrace Verbose: 0 : 19332, 1, 2022/12/15, 03:37:20.586, 86051403437, vstest.console.dll, TestPluginCache.GetExtensionPaths: Added unfilterableExtensionPaths: 
TpTrace Verbose: 0 : 19332, 1, 2022/12/15, 03:37:20.586, 86051404004, vstest.console.dll, TestPluginCache.DiscoverTestExtensions: Discovering the extensions using allExtensionPaths: C:\Program Files\dotnet\sdk\7.0.100\Extensions\Microsoft.Diagnostics.NETCore.Client.dll
C:\Program Files\dotnet\sdk\7.0.100\Extensions\Microsoft.TestPlatform.Extensions.BlameDataCollector.dll
C:\Program Files\dotnet\sdk\7.0.100\Extensions\Microsoft.TestPlatform.Extensions.EventLogCollector.dll
C:\Program Files\dotnet\sdk\7.0.100\Extensions\Microsoft.TestPlatform.TestHostRuntimeProvider.dll
C:\Program Files\dotnet\sdk\7.0.100\Extensions\Microsoft.VisualStudio.TestPlatform.Extensions.Html.TestLogger.dll
C:\Program Files\dotnet\sdk\7.0.100\Extensions\Microsoft.VisualStudio.TestPlatform.Extensions.Trx.TestLogger.dll
TpTrace Information: 0 : 19332, 1, 2022/12/15, 03:37:20.586, 86051405013, vstest.console.dll, AssemblyResolver.AddSearchDirectories: Adding more searchDirectories C:\Program Files\dotnet\sdk\7.0.100\Extensions,C:\Program Files\dotnet\sdk\7.0.100
TpTrace Information: 0 : 19332, 1, 2022/12/15, 03:37:20.586, 86051405361, vstest.console.dll, AssemblyResolver.AddSearchDirectories: Adding more searchDirectories C:\Program Files\dotnet\sdk\7.0.100\Extensions,C:\Program Files\dotnet\sdk\7.0.100
TpTrace Information: 0 : 19332, 1, 2022/12/15, 03:37:20.586, 86051405535, vstest.console.dll, AssemblyResolver.AddSearchDirectories: Adding more searchDirectories C:\Program Files\dotnet\sdk\7.0.100\Extensions,C:\Program Files\dotnet\sdk\7.0.100
TpTrace Information: 0 : 19332, 1, 2022/12/15, 03:37:20.586, 86051405685, vstest.console.dll, AssemblyResolver.AddSearchDirectories: Adding more searchDirectories C:\Program Files\dotnet\sdk\7.0.100\Extensions,C:\Program Files\dotnet\sdk\7.0.100
TpTrace Information: 0 : 19332, 1, 2022/12/15, 03:37:20.586, 86051405835, vstest.console.dll, AssemblyResolver.AddSearchDirectories: Adding more searchDirectories C:\Program Files\dotnet\sdk\7.0.100\Extensions,C:\Program Files\dotnet\sdk\7.0.100
TpTrace Information: 0 : 19332, 1, 2022/12/15, 03:37:20.586, 86051406038, vstest.console.dll, AssemblyResolver.AddSearchDirectories: Adding more searchDirectories C:\Program Files\dotnet\sdk\7.0.100\Extensions,C:\Program Files\dotnet\sdk\7.0.100
TpTrace Information: 0 : 19332, 1, 2022/12/15, 03:37:20.586, 86051409004, vstest.console.dll, AssemblyResolver.OnResolve: Microsoft.Diagnostics.NETCore.Client: Resolving assembly.
TpTrace Information: 0 : 19332, 1, 2022/12/15, 03:37:20.586, 86051409477, vstest.console.dll, AssemblyResolver.OnResolve: Microsoft.Diagnostics.NETCore.Client: Searching in: 'C:\Program Files\dotnet\sdk\7.0.100\Extensions'.
TpTrace Information: 0 : 19332, 1, 2022/12/15, 03:37:20.593, 86051478603, vstest.console.dll, AssemblyResolver.OnResolve: Microsoft.Diagnostics.NETCore.Client: Loading assembly 'C:\Program Files\dotnet\sdk\7.0.100\Extensions\Microsoft.Diagnostics.NETCore.Client.dll'.
TpTrace Information: 0 : 19332, 1, 2022/12/15, 03:37:20.595, 86051495478, vstest.console.dll, AssemblyResolver.OnResolve: Resolved assembly: Microsoft.Diagnostics.NETCore.Client, from path: C:\Program Files\dotnet\sdk\7.0.100\Extensions\Microsoft.Diagnostics.NETCore.Client.dll
TpTrace Verbose: 0 : 19332, 1, 2022/12/15, 03:37:20.596, 86051505111, vstest.console.dll, MetadataReaderExtensionsHelper: Discovering extensions inside assembly 'Microsoft.Diagnostics.NETCore.Client, Version=0.2.6.42401, Culture=neutral, PublicKeyToken=31bf3856ad364e35' file path 'C:\Program Files\dotnet\sdk\7.0.100\Extensions\Microsoft.Diagnostics.NETCore.Client.dll'
TpTrace Information: 0 : 19332, 1, 2022/12/15, 03:37:20.599, 86051540345, vstest.console.dll, AssemblyResolver.OnResolve: Microsoft.Bcl.AsyncInterfaces: Resolving assembly.
TpTrace Information: 0 : 19332, 1, 2022/12/15, 03:37:20.600, 86051541177, vstest.console.dll, AssemblyResolver.OnResolve: Microsoft.Bcl.AsyncInterfaces: Searching in: 'C:\Program Files\dotnet\sdk\7.0.100\Extensions'.
TpTrace Information: 0 : 19332, 1, 2022/12/15, 03:37:20.600, 86051541815, vstest.console.dll, AssemblyResolver.OnResolve: Microsoft.Bcl.AsyncInterfaces: Assembly path does not exist: 'C:\Program Files\dotnet\sdk\7.0.100\Extensions\Microsoft.Bcl.AsyncInterfaces.dll', returning.
TpTrace Information: 0 : 19332, 1, 2022/12/15, 03:37:20.600, 86051542712, vstest.console.dll, AssemblyResolver.OnResolve: Microsoft.Bcl.AsyncInterfaces: Assembly path does not exist: 'C:\Program Files\dotnet\sdk\7.0.100\Extensions\Microsoft.Bcl.AsyncInterfaces.exe', returning.
TpTrace Information: 0 : 19332, 1, 2022/12/15, 03:37:20.600, 86051542987, vstest.console.dll, AssemblyResolver.OnResolve: Microsoft.Bcl.AsyncInterfaces: Searching in: 'C:\Program Files\dotnet\sdk\7.0.100'.
TpTrace Information: 0 : 19332, 1, 2022/12/15, 03:37:20.600, 86051543373, vstest.console.dll, AssemblyResolver.OnResolve: Microsoft.Bcl.AsyncInterfaces: Assembly path does not exist: 'C:\Program Files\dotnet\sdk\7.0.100\Microsoft.Bcl.AsyncInterfaces.dll', returning.
TpTrace Information: 0 : 19332, 1, 2022/12/15, 03:37:20.600, 86051543694, vstest.console.dll, AssemblyResolver.OnResolve: Microsoft.Bcl.AsyncInterfaces: Assembly path does not exist: 'C:\Program Files\dotnet\sdk\7.0.100\Microsoft.Bcl.AsyncInterfaces.exe', returning.
TpTrace Information: 0 : 19332, 1, 2022/12/15, 03:37:20.600, 86051543876, vstest.console.dll, AssemblyResolver.OnResolve: Microsoft.Bcl.AsyncInterfaces: Failed to load assembly.
TpTrace Verbose: 0 : 19332, 1, 2022/12/15, 03:37:20.600, 86051544173, vstest.console.dll, CurrentDomainAssemblyResolve: Resolving assembly 'Microsoft.Bcl.AsyncInterfaces'.
TpTrace Information: 0 : 19332, 1, 2022/12/15, 03:37:20.600, 86051544577, vstest.console.dll, AssemblyResolver.OnResolve: Microsoft.Bcl.AsyncInterfaces: Resolving assembly.
TpTrace Information: 0 : 19332, 1, 2022/12/15, 03:37:20.600, 86051544809, vstest.console.dll, AssemblyResolver.OnResolve: Microsoft.Bcl.AsyncInterfaces: Resolved from cache.
TpTrace Verbose: 0 : 19332, 1, 2022/12/15, 03:37:20.600, 86051544958, vstest.console.dll, CurrentDomainAssemblyResolve: Resolving assembly 'Microsoft.Bcl.AsyncInterfaces'.
TpTrace Verbose: 0 : 19332, 1, 2022/12/15, 03:37:20.600, 86051545159, vstest.console.dll, CurrentDomainAssemblyResolve: Failed to resolve assembly 'Microsoft.Bcl.AsyncInterfaces'.
TpTrace Verbose: 0 : 19332, 1, 2022/12/15, 03:37:20.602, 86051563832, vstest.console.dll, CurrentDomainAssemblyResolve: Failed to resolve assembly 'Microsoft.Bcl.AsyncInterfaces'.
TpTrace Warning: 0 : 19332, 1, 2022/12/15, 03:37:20.608, 86051626109, vstest.console.dll, TestPluginDiscoverer: Failed to get types from assembly 'Microsoft.Diagnostics.NETCore.Client, Version=0.2.6.42401, Culture=neutral, PublicKeyToken=31bf3856ad364e35'. Error: System.Reflection.ReflectionTypeLoadException: Unable to load one or more of the requested types.
Could not load file or assembly 'Microsoft.Bcl.AsyncInterfaces, Version=1.0.0.0, Culture=neutral, PublicKeyToken=cc7b13ffcd2ddd51'. The system cannot find the file specified.
   at System.Reflection.RuntimeModule.GetTypes(RuntimeModule module)
   at System.Reflection.Assembly.GetTypes()
   at Microsoft.VisualStudio.TestPlatform.Common.ExtensionFramework.TestPluginDiscoverer.GetTestExtensionsFromAssembly[TPluginInfo,TExtension](Assembly assembly, Dictionary`2 pluginInfos, String filePath)
System.IO.FileNotFoundException: Could not load file or assembly 'Microsoft.Bcl.AsyncInterfaces, Version=1.0.0.0, Culture=neutral, PublicKeyToken=cc7b13ffcd2ddd51'. The system cannot find the file specified.
File name: 'Microsoft.Bcl.AsyncInterfaces, Version=1.0.0.0, Culture=neutral, PublicKeyToken=cc7b13ffcd2ddd51'
 ---> System.IO.FileNotFoundException: Could not load file or assembly 'Microsoft.Bcl.AsyncInterfaces, Culture=neutral, PublicKeyToken=null'. The system cannot find the file specified.
File name: 'Microsoft.Bcl.AsyncInterfaces, Culture=neutral, PublicKeyToken=null'
   at System.Reflection.RuntimeAssembly.InternalLoad(AssemblyName assemblyName, StackCrawlMark& stackMark, AssemblyLoadContext assemblyLoadContext, RuntimeAssembly requestingAssembly, Boolean throwOnFileNotFound)
   at System.Reflection.Assembly.Load(AssemblyName assemblyRef)
   at Microsoft.VisualStudio.TestPlatform.Common.ExtensionFramework.TestPluginCache.CurrentDomainAssemblyResolve(Object sender, AssemblyResolveEventArgs args)
   at System.Runtime.Loader.AssemblyLoadContext.GetFirstResolvedAssemblyFromResolvingEvent(AssemblyName assemblyName)
   at System.Runtime.Loader.AssemblyLoadContext.ResolveUsingEvent(AssemblyName assemblyName)
   at System.Runtime.Loader.AssemblyLoadContext.ResolveUsingResolvingEvent(IntPtr gchManagedAssemblyLoadContext, AssemblyName assemblyName)
TpTrace Warning: 0 : 19332, 1, 2022/12/15, 03:37:20.608, 86051629798, vstest.console.dll, LoaderExceptions: System.IO.FileNotFoundException: Could not load file or assembly 'Microsoft.Bcl.AsyncInterfaces, Version=1.0.0.0, Culture=neutral, PublicKeyToken=cc7b13ffcd2ddd51'. The system cannot find the file specified.
File name: 'Microsoft.Bcl.AsyncInterfaces, Version=1.0.0.0, Culture=neutral, PublicKeyToken=cc7b13ffcd2ddd51'
 ---> System.IO.FileNotFoundException: Could not load file or assembly 'Microsoft.Bcl.AsyncInterfaces, Culture=neutral, PublicKeyToken=null'. The system cannot find the file specified.
File name: 'Microsoft.Bcl.AsyncInterfaces, Culture=neutral, PublicKeyToken=null'
   at System.Reflection.RuntimeAssembly.InternalLoad(AssemblyName assemblyName, StackCrawlMark& stackMark, AssemblyLoadContext assemblyLoadContext, RuntimeAssembly requestingAssembly, Boolean throwOnFileNotFound)
   at System.Reflection.Assembly.Load(AssemblyName assemblyRef)
   at Microsoft.VisualStudio.TestPlatform.Common.ExtensionFramework.TestPluginCache.CurrentDomainAssemblyResolve(Object sender, AssemblyResolveEventArgs args)
   at System.Runtime.Loader.AssemblyLoadContext.GetFirstResolvedAssemblyFromResolvingEvent(AssemblyName assemblyName)
   at System.Runtime.Loader.AssemblyLoadContext.ResolveUsingEvent(AssemblyName assemblyName)
   at System.Runtime.Loader.AssemblyLoadContext.ResolveUsingResolvingEvent(IntPtr gchManagedAssemblyLoadContext, AssemblyName assemblyName)
TpTrace Information: 0 : 19332, 1, 2022/12/15, 03:37:20.609, 86051631222, vstest.console.dll, AssemblyResolver.OnResolve: Microsoft.TestPlatform.Extensions.BlameDataCollector: Resolving assembly.
TpTrace Information: 0 : 19332, 1, 2022/12/15, 03:37:20.609, 86051631508, vstest.console.dll, AssemblyResolver.OnResolve: Microsoft.TestPlatform.Extensions.BlameDataCollector: Searching in: 'C:\Program Files\dotnet\sdk\7.0.100\Extensions'.
TpTrace Information: 0 : 19332, 1, 2022/12/15, 03:37:20.609, 86051640307, vstest.console.dll, AssemblyResolver.OnResolve: Microsoft.TestPlatform.Extensions.BlameDataCollector: Loading assembly 'C:\Program Files\dotnet\sdk\7.0.100\Extensions\Microsoft.TestPlatform.Extensions.BlameDataCollector.dll'.
TpTrace Information: 0 : 19332, 1, 2022/12/15, 03:37:20.610, 86051648989, vstest.console.dll, AssemblyResolver.OnResolve: Resolved assembly: Microsoft.TestPlatform.Extensions.BlameDataCollector, from path: C:\Program Files\dotnet\sdk\7.0.100\Extensions\Microsoft.TestPlatform.Extensions.BlameDataCollector.dll
TpTrace Verbose: 0 : 19332, 1, 2022/12/15, 03:37:20.610, 86051650114, vstest.console.dll, MetadataReaderExtensionsHelper: Discovering extensions inside assembly 'Microsoft.TestPlatform.Extensions.BlameDataCollector, Version=15.0.0.0, Culture=neutral, PublicKeyToken=b03f5f7f11d50a3a' file path 'C:\Program Files\dotnet\sdk\7.0.100\Extensions\Microsoft.TestPlatform.Extensions.BlameDataCollector.dll'
TpTrace Information: 0 : 19332, 1, 2022/12/15, 03:37:20.612, 86051666257, vstest.console.dll, AssemblyResolver.OnResolve: Microsoft.TestPlatform.Extensions.EventLogCollector: Resolving assembly.
TpTrace Information: 0 : 19332, 1, 2022/12/15, 03:37:20.612, 86051666891, vstest.console.dll, AssemblyResolver.OnResolve: Microsoft.TestPlatform.Extensions.EventLogCollector: Searching in: 'C:\Program Files\dotnet\sdk\7.0.100\Extensions'.
TpTrace Information: 0 : 19332, 1, 2022/12/15, 03:37:20.613, 86051672814, vstest.console.dll, AssemblyResolver.OnResolve: Microsoft.TestPlatform.Extensions.EventLogCollector: Loading assembly 'C:\Program Files\dotnet\sdk\7.0.100\Extensions\Microsoft.TestPlatform.Extensions.EventLogCollector.dll'.
TpTrace Information: 0 : 19332, 1, 2022/12/15, 03:37:20.613, 86051678609, vstest.console.dll, AssemblyResolver.OnResolve: Resolved assembly: Microsoft.TestPlatform.Extensions.EventLogCollector, from path: C:\Program Files\dotnet\sdk\7.0.100\Extensions\Microsoft.TestPlatform.Extensions.EventLogCollector.dll
TpTrace Verbose: 0 : 19332, 1, 2022/12/15, 03:37:20.613, 86051679216, vstest.console.dll, MetadataReaderExtensionsHelper: Discovering extensions inside assembly 'Microsoft.TestPlatform.Extensions.EventLogCollector, Version=15.0.0.0, Culture=neutral, PublicKeyToken=b03f5f7f11d50a3a' file path 'C:\Program Files\dotnet\sdk\7.0.100\Extensions\Microsoft.TestPlatform.Extensions.EventLogCollector.dll'
TpTrace Information: 0 : 19332, 1, 2022/12/15, 03:37:20.615, 86051697347, vstest.console.dll, AssemblyResolver.OnResolve: Microsoft.TestPlatform.TestHostRuntimeProvider: Resolving assembly.
TpTrace Information: 0 : 19332, 1, 2022/12/15, 03:37:20.615, 86051697834, vstest.console.dll, AssemblyResolver.OnResolve: Microsoft.TestPlatform.TestHostRuntimeProvider: Searching in: 'C:\Program Files\dotnet\sdk\7.0.100\Extensions'.
TpTrace Information: 0 : 19332, 1, 2022/12/15, 03:37:20.616, 86051703341, vstest.console.dll, AssemblyResolver.OnResolve: Microsoft.TestPlatform.TestHostRuntimeProvider: Loading assembly 'C:\Program Files\dotnet\sdk\7.0.100\Extensions\Microsoft.TestPlatform.TestHostRuntimeProvider.dll'.
TpTrace Information: 0 : 19332, 1, 2022/12/15, 03:37:20.616, 86051710407, vstest.console.dll, AssemblyResolver.OnResolve: Resolved assembly: Microsoft.TestPlatform.TestHostRuntimeProvider, from path: C:\Program Files\dotnet\sdk\7.0.100\Extensions\Microsoft.TestPlatform.TestHostRuntimeProvider.dll
TpTrace Verbose: 0 : 19332, 1, 2022/12/15, 03:37:20.617, 86051711110, vstest.console.dll, MetadataReaderExtensionsHelper: Discovering extensions inside assembly 'Microsoft.TestPlatform.TestHostRuntimeProvider, Version=15.0.0.0, Culture=neutral, PublicKeyToken=b03f5f7f11d50a3a' file path 'C:\Program Files\dotnet\sdk\7.0.100\Extensions\Microsoft.TestPlatform.TestHostRuntimeProvider.dll'
TpTrace Information: 0 : 19332, 1, 2022/12/15, 03:37:20.618, 86051728110, vstest.console.dll, GetTestExtensionFromType: Register extension with identifier data 'HostProvider://DefaultTestHost' and type 'Microsoft.VisualStudio.TestPlatform.CrossPlatEngine.Hosting.DefaultTestHostManager, Microsoft.TestPlatform.TestHostRuntimeProvider, Version=15.0.0.0, Culture=neutral, PublicKeyToken=b03f5f7f11d50a3a' inside file 'C:\Program Files\dotnet\sdk\7.0.100\Extensions\Microsoft.TestPlatform.TestHostRuntimeProvider.dll'
TpTrace Information: 0 : 19332, 1, 2022/12/15, 03:37:20.618, 86051730167, vstest.console.dll, GetTestExtensionFromType: Register extension with identifier data 'HostProvider://DotnetTestHost' and type 'Microsoft.VisualStudio.TestPlatform.CrossPlatEngine.Hosting.DotnetTestHostManager, Microsoft.TestPlatform.TestHostRuntimeProvider, Version=15.0.0.0, Culture=neutral, PublicKeyToken=b03f5f7f11d50a3a' inside file 'C:\Program Files\dotnet\sdk\7.0.100\Extensions\Microsoft.TestPlatform.TestHostRuntimeProvider.dll'
TpTrace Information: 0 : 19332, 1, 2022/12/15, 03:37:20.619, 86051730754, vstest.console.dll, AssemblyResolver.OnResolve: Microsoft.VisualStudio.TestPlatform.Extensions.Html.TestLogger: Resolving assembly.
TpTrace Information: 0 : 19332, 1, 2022/12/15, 03:37:20.619, 86051730960, vstest.console.dll, AssemblyResolver.OnResolve: Microsoft.VisualStudio.TestPlatform.Extensions.Html.TestLogger: Searching in: 'C:\Program Files\dotnet\sdk\7.0.100\Extensions'.
TpTrace Information: 0 : 19332, 1, 2022/12/15, 03:37:20.619, 86051738214, vstest.console.dll, AssemblyResolver.OnResolve: Microsoft.VisualStudio.TestPlatform.Extensions.Html.TestLogger: Loading assembly 'C:\Program Files\dotnet\sdk\7.0.100\Extensions\Microsoft.VisualStudio.TestPlatform.Extensions.Html.TestLogger.dll'.
TpTrace Information: 0 : 19332, 1, 2022/12/15, 03:37:20.620, 86051744489, vstest.console.dll, AssemblyResolver.OnResolve: Resolved assembly: Microsoft.VisualStudio.TestPlatform.Extensions.Html.TestLogger, from path: C:\Program Files\dotnet\sdk\7.0.100\Extensions\Microsoft.VisualStudio.TestPlatform.Extensions.Html.TestLogger.dll
TpTrace Verbose: 0 : 19332, 1, 2022/12/15, 03:37:20.620, 86051745042, vstest.console.dll, MetadataReaderExtensionsHelper: Discovering extensions inside assembly 'Microsoft.VisualStudio.TestPlatform.Extensions.Html.TestLogger, Version=15.0.0.0, Culture=neutral, PublicKeyToken=b03f5f7f11d50a3a' file path 'C:\Program Files\dotnet\sdk\7.0.100\Extensions\Microsoft.VisualStudio.TestPlatform.Extensions.Html.TestLogger.dll'
TpTrace Information: 0 : 19332, 1, 2022/12/15, 03:37:20.621, 86051752641, vstest.console.dll, AssemblyResolver.OnResolve: Microsoft.VisualStudio.TestPlatform.Extensions.Trx.TestLogger: Resolving assembly.
TpTrace Information: 0 : 19332, 1, 2022/12/15, 03:37:20.621, 86051753052, vstest.console.dll, AssemblyResolver.OnResolve: Microsoft.VisualStudio.TestPlatform.Extensions.Trx.TestLogger: Searching in: 'C:\Program Files\dotnet\sdk\7.0.100\Extensions'.
TpTrace Information: 0 : 19332, 1, 2022/12/15, 03:37:20.622, 86051761379, vstest.console.dll, AssemblyResolver.OnResolve: Microsoft.VisualStudio.TestPlatform.Extensions.Trx.TestLogger: Loading assembly 'C:\Program Files\dotnet\sdk\7.0.100\Extensions\Microsoft.VisualStudio.TestPlatform.Extensions.Trx.TestLogger.dll'.
TpTrace Information: 0 : 19332, 1, 2022/12/15, 03:37:20.623, 86051772502, vstest.console.dll, AssemblyResolver.OnResolve: Resolved assembly: Microsoft.VisualStudio.TestPlatform.Extensions.Trx.TestLogger, from path: C:\Program Files\dotnet\sdk\7.0.100\Extensions\Microsoft.VisualStudio.TestPlatform.Extensions.Trx.TestLogger.dll
TpTrace Verbose: 0 : 19332, 1, 2022/12/15, 03:37:20.623, 86051773677, vstest.console.dll, MetadataReaderExtensionsHelper: Discovering extensions inside assembly 'Microsoft.VisualStudio.TestPlatform.Extensions.Trx.TestLogger, Version=15.0.0.0, Culture=neutral, PublicKeyToken=b03f5f7f11d50a3a' file path 'C:\Program Files\dotnet\sdk\7.0.100\Extensions\Microsoft.VisualStudio.TestPlatform.Extensions.Trx.TestLogger.dll'
TpTrace Verbose: 0 : 19332, 1, 2022/12/15, 03:37:20.625, 86051790826, vstest.console.dll, TestPluginCache: Discovered the extensions using extension path ''.
TpTrace Verbose: 0 : 19332, 1, 2022/12/15, 03:37:20.625, 86051791475, vstest.console.dll, TestPluginCache: Discoverers are ''.
TpTrace Verbose: 0 : 19332, 1, 2022/12/15, 03:37:20.625, 86051791636, vstest.console.dll, TestPluginCache: Executors are ''.
TpTrace Verbose: 0 : 19332, 1, 2022/12/15, 03:37:20.625, 86051791773, vstest.console.dll, TestPluginCache: Executors2 are ''.
TpTrace Verbose: 0 : 19332, 1, 2022/12/15, 03:37:20.625, 86051791908, vstest.console.dll, TestPluginCache: Setting providers are ''.
TpTrace Verbose: 0 : 19332, 1, 2022/12/15, 03:37:20.625, 86051792044, vstest.console.dll, TestPluginCache: Loggers are ''.
TpTrace Verbose: 0 : 19332, 1, 2022/12/15, 03:37:20.625, 86051792971, vstest.console.dll, TestPluginCache: TestHosts are 'HostProvider://DefaultTestHost,HostProvider://DotnetTestHost'.
TpTrace Verbose: 0 : 19332, 1, 2022/12/15, 03:37:20.625, 86051793188, vstest.console.dll, TestPluginCache: DataCollectors are ''.
TpTrace Information: 0 : 19332, 1, 2022/12/15, 03:37:20.640, 86051942668, vstest.console.dll, RunTestsArgumentProcessor:Execute: Test run is starting.
TpTrace Verbose: 0 : 19332, 1, 2022/12/15, 03:37:20.640, 86051943468, vstest.console.dll, RunTestsArgumentProcessor:Execute: Queuing Test run.
TpTrace Information: 0 : 19332, 1, 2022/12/15, 03:37:20.640, 86051945244, vstest.console.dll, TestRequestManager.RunTests: run tests started.
TpTrace Information: 0 : 19332, 1, 2022/12/15, 03:37:20.641, 86051955176, vstest.console.dll, AssemblyMetadataProvider.GetFrameworkName: Determined framework:'.NETCoreApp,Version=v7.0' for source: 'D:\C#\zapas\master\SpendLess\UnitTests\bin\Debug\net7.0\fine-code-coverage\build-output\Tests.dll'
TpTrace Information: 0 : 19332, 1, 2022/12/15, 03:37:20.641, 86051956657, vstest.console.dll, Determined framework for all sources: .NETCoreApp,Version=v7.0
TpTrace Verbose: 0 : 19332, 1, 2022/12/15, 03:37:20.641, 86051959695, vstest.console.dll, TestRequestManager.UpdateRunSettingsIfRequired: Default architecture: X64 IsDefaultTargetArchitecture: True, Current process architecture: X64 OperatingSystem: Windows.
TpTrace Information: 0 : 19332, 1, 2022/12/15, 03:37:20.643, 86051974775, vstest.console.dll, AssemblyMetadataProvider.GetArchitecture: Determined architecture:AnyCPU info for assembly: D:\C#\zapas\master\SpendLess\UnitTests\bin\Debug\net7.0\fine-code-coverage\build-output\Tests.dll
TpTrace Information: 0 : 19332, 1, 2022/12/15, 03:37:20.643, 86051975315, vstest.console.dll, Determined platform for source 'D:\C#\zapas\master\SpendLess\UnitTests\bin\Debug\net7.0\fine-code-coverage\build-output\Tests.dll' was AnyCPU and it will use the default plaform X64.
TpTrace Information: 0 : 19332, 1, 2022/12/15, 03:37:20.643, 86051975502, vstest.console.dll, None of the sources provided any runnable platform, using the default platform: X64
TpTrace Information: 0 : 19332, 1, 2022/12/15, 03:37:20.643, 86051976209, vstest.console.dll, Platform was updated to 'X64'.
TpTrace Information: 0 : 19332, 1, 2022/12/15, 03:37:20.647, 86052015183, vstest.console.dll, InferRunSettingsHelper.IsTestSettingsEnabled: Unable to navigate to RunSettings/MSTest. Current node: RunSettings
TpTrace Information: 0 : 19332, 1, 2022/12/15, 03:37:20.648, 86052020522, vstest.console.dll, AssemblyResolver.OnResolve: Microsoft.VisualStudio.TestPlatform.Fakes: Resolving assembly.
TpTrace Information: 0 : 19332, 1, 2022/12/15, 03:37:20.648, 86052020997, vstest.console.dll, AssemblyResolver.OnResolve: Microsoft.VisualStudio.TestPlatform.Fakes: Searching in: 'C:\Program Files\dotnet\sdk\7.0.100\Extensions'.
TpTrace Information: 0 : 19332, 1, 2022/12/15, 03:37:20.648, 86052021841, vstest.console.dll, AssemblyResolver.OnResolve: Microsoft.VisualStudio.TestPlatform.Fakes: Assembly path does not exist: 'C:\Program Files\dotnet\sdk\7.0.100\Extensions\Microsoft.VisualStudio.TestPlatform.Fakes.dll', returning.
TpTrace Information: 0 : 19332, 1, 2022/12/15, 03:37:20.648, 86052022239, vstest.console.dll, AssemblyResolver.OnResolve: Microsoft.VisualStudio.TestPlatform.Fakes: Assembly path does not exist: 'C:\Program Files\dotnet\sdk\7.0.100\Extensions\Microsoft.VisualStudio.TestPlatform.Fakes.exe', returning.
TpTrace Information: 0 : 19332, 1, 2022/12/15, 03:37:20.648, 86052022413, vstest.console.dll, AssemblyResolver.OnResolve: Microsoft.VisualStudio.TestPlatform.Fakes: Searching in: 'C:\Program Files\dotnet\sdk\7.0.100'.
TpTrace Information: 0 : 19332, 1, 2022/12/15, 03:37:20.648, 86052022831, vstest.console.dll, AssemblyResolver.OnResolve: Microsoft.VisualStudio.TestPlatform.Fakes: Assembly path does not exist: 'C:\Program Files\dotnet\sdk\7.0.100\Microsoft.VisualStudio.TestPlatform.Fakes.dll', returning.
TpTrace Information: 0 : 19332, 1, 2022/12/15, 03:37:20.648, 86052023200, vstest.console.dll, AssemblyResolver.OnResolve: Microsoft.VisualStudio.TestPlatform.Fakes: Assembly path does not exist: 'C:\Program Files\dotnet\sdk\7.0.100\Microsoft.VisualStudio.TestPlatform.Fakes.exe', returning.
TpTrace Information: 0 : 19332, 1, 2022/12/15, 03:37:20.648, 86052023367, vstest.console.dll, AssemblyResolver.OnResolve: Microsoft.VisualStudio.TestPlatform.Fakes: Failed to load assembly.
TpTrace Information: 0 : 19332, 1, 2022/12/15, 03:37:20.648, 86052025358, vstest.console.dll, Failed to load assembly Microsoft.VisualStudio.TestPlatform.Fakes, Version=17.0.0.0, Culture=neutral. Reason:System.IO.FileNotFoundException: Could not load file or assembly 'Microsoft.VisualStudio.TestPlatform.Fakes, Version=17.0.0.0, Culture=neutral, PublicKeyToken=null'. The system cannot find the file specified.
File name: 'Microsoft.VisualStudio.TestPlatform.Fakes, Version=17.0.0.0, Culture=neutral, PublicKeyToken=null'
   at System.Reflection.RuntimeAssembly.InternalLoad(AssemblyName assemblyName, StackCrawlMark& stackMark, AssemblyLoadContext assemblyLoadContext, RuntimeAssembly requestingAssembly, Boolean throwOnFileNotFound)
   at System.Reflection.Assembly.Load(AssemblyName assemblyRef)
   at Microsoft.VisualStudio.TestPlatform.Common.Utilities.FakesUtilities.LoadTestPlatformAssembly()
TpTrace Verbose: 0 : 19332, 1, 2022/12/15, 03:37:20.651, 86052053627, vstest.console.dll, TestPluginCache.DiscoverTestExtensions: finding test extensions in assemblies ends with: TestLogger.dll TPluginInfo: Microsoft.VisualStudio.TestPlatform.Common.ExtensionFramework.Utilities.TestLoggerPluginInformation TExtension: Microsoft.VisualStudio.TestPlatform.ObjectModel.Client.ITestLogger
TpTrace Verbose: 0 : 19332, 1, 2022/12/15, 03:37:20.651, 86052054326, vstest.console.dll, TestPluginCache.GetExtensionPaths: Filtered extension paths: 
TpTrace Verbose: 0 : 19332, 1, 2022/12/15, 03:37:20.651, 86052054546, vstest.console.dll, TestPluginCache.GetExtensionPaths: Added default extension paths: C:\Program Files\dotnet\sdk\7.0.100\Extensions\Microsoft.Diagnostics.NETCore.Client.dll
C:\Program Files\dotnet\sdk\7.0.100\Extensions\Microsoft.TestPlatform.Extensions.BlameDataCollector.dll
C:\Program Files\dotnet\sdk\7.0.100\Extensions\Microsoft.TestPlatform.Extensions.EventLogCollector.dll
C:\Program Files\dotnet\sdk\7.0.100\Extensions\Microsoft.TestPlatform.TestHostRuntimeProvider.dll
C:\Program Files\dotnet\sdk\7.0.100\Extensions\Microsoft.VisualStudio.TestPlatform.Extensions.Html.TestLogger.dll
C:\Program Files\dotnet\sdk\7.0.100\Extensions\Microsoft.VisualStudio.TestPlatform.Extensions.Trx.TestLogger.dll
TpTrace Verbose: 0 : 19332, 1, 2022/12/15, 03:37:20.651, 86052054738, vstest.console.dll, TestPluginCache.GetExtensionPaths: Added unfilterableExtensionPaths: 
TpTrace Information: 0 : 19332, 1, 2022/12/15, 03:37:20.651, 86052055765, vstest.console.dll, AssemblyResolver.AddSearchDirectories: Adding more searchDirectories C:\Program Files\dotnet\sdk\7.0.100\Extensions,C:\Program Files\dotnet\sdk\7.0.100
TpTrace Verbose: 0 : 19332, 1, 2022/12/15, 03:37:20.651, 86052056043, vstest.console.dll, TestPluginCache.DiscoverTestExtensions: Discovering the extensions using extension path.
TpTrace Verbose: 0 : 19332, 1, 2022/12/15, 03:37:20.651, 86052056233, vstest.console.dll, TestPluginCache.GetExtensionPaths: Filtered extension paths: 
TpTrace Verbose: 0 : 19332, 1, 2022/12/15, 03:37:20.651, 86052056406, vstest.console.dll, TestPluginCache.GetExtensionPaths: Added default extension paths: C:\Program Files\dotnet\sdk\7.0.100\Extensions\Microsoft.Diagnostics.NETCore.Client.dll
C:\Program Files\dotnet\sdk\7.0.100\Extensions\Microsoft.TestPlatform.Extensions.BlameDataCollector.dll
C:\Program Files\dotnet\sdk\7.0.100\Extensions\Microsoft.TestPlatform.Extensions.EventLogCollector.dll
C:\Program Files\dotnet\sdk\7.0.100\Extensions\Microsoft.TestPlatform.TestHostRuntimeProvider.dll
C:\Program Files\dotnet\sdk\7.0.100\Extensions\Microsoft.VisualStudio.TestPlatform.Extensions.Html.TestLogger.dll
C:\Program Files\dotnet\sdk\7.0.100\Extensions\Microsoft.VisualStudio.TestPlatform.Extensions.Trx.TestLogger.dll
TpTrace Verbose: 0 : 19332, 1, 2022/12/15, 03:37:20.651, 86052056568, vstest.console.dll, TestPluginCache.GetExtensionPaths: Added unfilterableExtensionPaths: 
TpTrace Verbose: 0 : 19332, 1, 2022/12/15, 03:37:20.651, 86052056771, vstest.console.dll, TestPluginCache.DiscoverTestExtensions: Discovering the extensions using allExtensionPaths: C:\Program Files\dotnet\sdk\7.0.100\Extensions\Microsoft.Diagnostics.NETCore.Client.dll
C:\Program Files\dotnet\sdk\7.0.100\Extensions\Microsoft.TestPlatform.Extensions.BlameDataCollector.dll
C:\Program Files\dotnet\sdk\7.0.100\Extensions\Microsoft.TestPlatform.Extensions.EventLogCollector.dll
C:\Program Files\dotnet\sdk\7.0.100\Extensions\Microsoft.TestPlatform.TestHostRuntimeProvider.dll
C:\Program Files\dotnet\sdk\7.0.100\Extensions\Microsoft.VisualStudio.TestPlatform.Extensions.Html.TestLogger.dll
C:\Program Files\dotnet\sdk\7.0.100\Extensions\Microsoft.VisualStudio.TestPlatform.Extensions.Trx.TestLogger.dll
TpTrace Information: 0 : 19332, 1, 2022/12/15, 03:37:20.651, 86052057016, vstest.console.dll, AssemblyResolver.AddSearchDirectories: Adding more searchDirectories C:\Program Files\dotnet\sdk\7.0.100\Extensions,C:\Program Files\dotnet\sdk\7.0.100
TpTrace Information: 0 : 19332, 1, 2022/12/15, 03:37:20.651, 86052057655, vstest.console.dll, AssemblyResolver.AddSearchDirectories: Adding more searchDirectories C:\Program Files\dotnet\sdk\7.0.100\Extensions,C:\Program Files\dotnet\sdk\7.0.100
TpTrace Information: 0 : 19332, 1, 2022/12/15, 03:37:20.651, 86052057868, vstest.console.dll, AssemblyResolver.AddSearchDirectories: Adding more searchDirectories C:\Program Files\dotnet\sdk\7.0.100\Extensions,C:\Program Files\dotnet\sdk\7.0.100
TpTrace Information: 0 : 19332, 1, 2022/12/15, 03:37:20.651, 86052058032, vstest.console.dll, AssemblyResolver.AddSearchDirectories: Adding more searchDirectories C:\Program Files\dotnet\sdk\7.0.100\Extensions,C:\Program Files\dotnet\sdk\7.0.100
TpTrace Information: 0 : 19332, 1, 2022/12/15, 03:37:20.651, 86052058214, vstest.console.dll, AssemblyResolver.AddSearchDirectories: Adding more searchDirectories C:\Program Files\dotnet\sdk\7.0.100\Extensions,C:\Program Files\dotnet\sdk\7.0.100
TpTrace Information: 0 : 19332, 1, 2022/12/15, 03:37:20.651, 86052058371, vstest.console.dll, AssemblyResolver.AddSearchDirectories: Adding more searchDirectories C:\Program Files\dotnet\sdk\7.0.100\Extensions,C:\Program Files\dotnet\sdk\7.0.100
TpTrace Verbose: 0 : 19332, 1, 2022/12/15, 03:37:20.651, 86052059064, vstest.console.dll, MetadataReaderExtensionsHelper: Discovering extensions inside assembly 'Microsoft.Diagnostics.NETCore.Client, Version=0.2.6.42401, Culture=neutral, PublicKeyToken=31bf3856ad364e35' file path 'C:\Program Files\dotnet\sdk\7.0.100\Extensions\Microsoft.Diagnostics.NETCore.Client.dll'
TpTrace Information: 0 : 19332, 1, 2022/12/15, 03:37:20.652, 86052067105, vstest.console.dll, AssemblyResolver.OnResolve: Microsoft.Bcl.AsyncInterfaces: Resolving assembly.
TpTrace Information: 0 : 19332, 1, 2022/12/15, 03:37:20.652, 86052067520, vstest.console.dll, AssemblyResolver.OnResolve: Microsoft.Bcl.AsyncInterfaces: Resolved from cache.
TpTrace Verbose: 0 : 19332, 1, 2022/12/15, 03:37:20.652, 86052067689, vstest.console.dll, CurrentDomainAssemblyResolve: Resolving assembly 'Microsoft.Bcl.AsyncInterfaces'.
TpTrace Information: 0 : 19332, 1, 2022/12/15, 03:37:20.652, 86052068011, vstest.console.dll, AssemblyResolver.OnResolve: Microsoft.Bcl.AsyncInterfaces: Resolving assembly.
TpTrace Information: 0 : 19332, 1, 2022/12/15, 03:37:20.652, 86052068171, vstest.console.dll, AssemblyResolver.OnResolve: Microsoft.Bcl.AsyncInterfaces: Resolved from cache.
TpTrace Verbose: 0 : 19332, 1, 2022/12/15, 03:37:20.652, 86052068317, vstest.console.dll, CurrentDomainAssemblyResolve: Resolving assembly 'Microsoft.Bcl.AsyncInterfaces'.
TpTrace Verbose: 0 : 19332, 1, 2022/12/15, 03:37:20.652, 86052068461, vstest.console.dll, CurrentDomainAssemblyResolve: Failed to resolve assembly 'Microsoft.Bcl.AsyncInterfaces'.
TpTrace Verbose: 0 : 19332, 1, 2022/12/15, 03:37:20.652, 86052069491, vstest.console.dll, CurrentDomainAssemblyResolve: Failed to resolve assembly 'Microsoft.Bcl.AsyncInterfaces'.
TpTrace Warning: 0 : 19332, 1, 2022/12/15, 03:37:20.653, 86052071671, vstest.console.dll, TestPluginDiscoverer: Failed to get types from assembly 'Microsoft.Diagnostics.NETCore.Client, Version=0.2.6.42401, Culture=neutral, PublicKeyToken=31bf3856ad364e35'. Error: System.Reflection.ReflectionTypeLoadException: Unable to load one or more of the requested types.
Could not load file or assembly 'Microsoft.Bcl.AsyncInterfaces, Version=1.0.0.0, Culture=neutral, PublicKeyToken=cc7b13ffcd2ddd51'. The system cannot find the file specified.
   at System.Reflection.RuntimeModule.GetTypes(RuntimeModule module)
   at System.Reflection.Assembly.GetTypes()
   at Microsoft.VisualStudio.TestPlatform.Common.ExtensionFramework.TestPluginDiscoverer.GetTestExtensionsFromAssembly[TPluginInfo,TExtension](Assembly assembly, Dictionary`2 pluginInfos, String filePath)
System.IO.FileNotFoundException: Could not load file or assembly 'Microsoft.Bcl.AsyncInterfaces, Version=1.0.0.0, Culture=neutral, PublicKeyToken=cc7b13ffcd2ddd51'. The system cannot find the file specified.
File name: 'Microsoft.Bcl.AsyncInterfaces, Version=1.0.0.0, Culture=neutral, PublicKeyToken=cc7b13ffcd2ddd51'
 ---> System.IO.FileNotFoundException: Could not load file or assembly 'Microsoft.Bcl.AsyncInterfaces, Culture=neutral, PublicKeyToken=null'. The system cannot find the file specified.
File name: 'Microsoft.Bcl.AsyncInterfaces, Culture=neutral, PublicKeyToken=null'
   at System.Reflection.RuntimeAssembly.InternalLoad(AssemblyName assemblyName, StackCrawlMark& stackMark, AssemblyLoadContext assemblyLoadContext, RuntimeAssembly requestingAssembly, Boolean throwOnFileNotFound)
   at System.Reflection.Assembly.Load(AssemblyName assemblyRef)
   at Microsoft.VisualStudio.TestPlatform.Common.ExtensionFramework.TestPluginCache.CurrentDomainAssemblyResolve(Object sender, AssemblyResolveEventArgs args)
   at System.Runtime.Loader.AssemblyLoadContext.GetFirstResolvedAssemblyFromResolvingEvent(AssemblyName assemblyName)
   at System.Runtime.Loader.AssemblyLoadContext.ResolveUsingEvent(AssemblyName assemblyName)
   at System.Runtime.Loader.AssemblyLoadContext.ResolveUsingResolvingEvent(IntPtr gchManagedAssemblyLoadContext, AssemblyName assemblyName)
TpTrace Warning: 0 : 19332, 1, 2022/12/15, 03:37:20.653, 86052072721, vstest.console.dll, LoaderExceptions: System.IO.FileNotFoundException: Could not load file or assembly 'Microsoft.Bcl.AsyncInterfaces, Version=1.0.0.0, Culture=neutral, PublicKeyToken=cc7b13ffcd2ddd51'. The system cannot find the file specified.
File name: 'Microsoft.Bcl.AsyncInterfaces, Version=1.0.0.0, Culture=neutral, PublicKeyToken=cc7b13ffcd2ddd51'
 ---> System.IO.FileNotFoundException: Could not load file or assembly 'Microsoft.Bcl.AsyncInterfaces, Culture=neutral, PublicKeyToken=null'. The system cannot find the file specified.
File name: 'Microsoft.Bcl.AsyncInterfaces, Culture=neutral, PublicKeyToken=null'
   at System.Reflection.RuntimeAssembly.InternalLoad(AssemblyName assemblyName, StackCrawlMark& stackMark, AssemblyLoadContext assemblyLoadContext, RuntimeAssembly requestingAssembly, Boolean throwOnFileNotFound)
   at System.Reflection.Assembly.Load(AssemblyName assemblyRef)
   at Microsoft.VisualStudio.TestPlatform.Common.ExtensionFramework.TestPluginCache.CurrentDomainAssemblyResolve(Object sender, AssemblyResolveEventArgs args)
   at System.Runtime.Loader.AssemblyLoadContext.GetFirstResolvedAssemblyFromResolvingEvent(AssemblyName assemblyName)
   at System.Runtime.Loader.AssemblyLoadContext.ResolveUsingEvent(AssemblyName assemblyName)
   at System.Runtime.Loader.AssemblyLoadContext.ResolveUsingResolvingEvent(IntPtr gchManagedAssemblyLoadContext, AssemblyName assemblyName)
TpTrace Verbose: 0 : 19332, 1, 2022/12/15, 03:37:20.653, 86052073265, vstest.console.dll, MetadataReaderExtensionsHelper: Discovering extensions inside assembly 'Microsoft.TestPlatform.Extensions.BlameDataCollector, Version=15.0.0.0, Culture=neutral, PublicKeyToken=b03f5f7f11d50a3a' file path 'C:\Program Files\dotnet\sdk\7.0.100\Extensions\Microsoft.TestPlatform.Extensions.BlameDataCollector.dll'
TpTrace Information: 0 : 19332, 1, 2022/12/15, 03:37:20.653, 86052079501, vstest.console.dll, GetTestExtensionFromType: Register extension with identifier data 'logger://Microsoft/TestPlatform/Extensions/Blame/v1' and type 'Microsoft.TestPlatform.Extensions.BlameDataCollector.BlameLogger, Microsoft.TestPlatform.Extensions.BlameDataCollector, Version=15.0.0.0, Culture=neutral, PublicKeyToken=b03f5f7f11d50a3a' inside file 'C:\Program Files\dotnet\sdk\7.0.100\Extensions\Microsoft.TestPlatform.Extensions.BlameDataCollector.dll'
TpTrace Verbose: 0 : 19332, 1, 2022/12/15, 03:37:20.653, 86052080035, vstest.console.dll, MetadataReaderExtensionsHelper: Discovering extensions inside assembly 'Microsoft.TestPlatform.Extensions.EventLogCollector, Version=15.0.0.0, Culture=neutral, PublicKeyToken=b03f5f7f11d50a3a' file path 'C:\Program Files\dotnet\sdk\7.0.100\Extensions\Microsoft.TestPlatform.Extensions.EventLogCollector.dll'
TpTrace Verbose: 0 : 19332, 1, 2022/12/15, 03:37:20.654, 86052083360, vstest.console.dll, MetadataReaderExtensionsHelper: Discovering extensions inside assembly 'Microsoft.TestPlatform.TestHostRuntimeProvider, Version=15.0.0.0, Culture=neutral, PublicKeyToken=b03f5f7f11d50a3a' file path 'C:\Program Files\dotnet\sdk\7.0.100\Extensions\Microsoft.TestPlatform.TestHostRuntimeProvider.dll'
TpTrace Verbose: 0 : 19332, 1, 2022/12/15, 03:37:20.654, 86052086310, vstest.console.dll, MetadataReaderExtensionsHelper: Discovering extensions inside assembly 'Microsoft.VisualStudio.TestPlatform.Extensions.Html.TestLogger, Version=15.0.0.0, Culture=neutral, PublicKeyToken=b03f5f7f11d50a3a' file path 'C:\Program Files\dotnet\sdk\7.0.100\Extensions\Microsoft.VisualStudio.TestPlatform.Extensions.Html.TestLogger.dll'
TpTrace Information: 0 : 19332, 1, 2022/12/15, 03:37:20.655, 86052090729, vstest.console.dll, GetTestExtensionFromType: Register extension with identifier data 'logger://Microsoft/TestPlatform/HtmlLogger/v1' and type 'Microsoft.VisualStudio.TestPlatform.Extensions.HtmlLogger.HtmlLogger, Microsoft.VisualStudio.TestPlatform.Extensions.Html.TestLogger, Version=15.0.0.0, Culture=neutral, PublicKeyToken=b03f5f7f11d50a3a' inside file 'C:\Program Files\dotnet\sdk\7.0.100\Extensions\Microsoft.VisualStudio.TestPlatform.Extensions.Html.TestLogger.dll'
TpTrace Verbose: 0 : 19332, 1, 2022/12/15, 03:37:20.655, 86052091191, vstest.console.dll, MetadataReaderExtensionsHelper: Discovering extensions inside assembly 'Microsoft.VisualStudio.TestPlatform.Extensions.Trx.TestLogger, Version=15.0.0.0, Culture=neutral, PublicKeyToken=b03f5f7f11d50a3a' file path 'C:\Program Files\dotnet\sdk\7.0.100\Extensions\Microsoft.VisualStudio.TestPlatform.Extensions.Trx.TestLogger.dll'
TpTrace Information: 0 : 19332, 1, 2022/12/15, 03:37:20.655, 86052094321, vstest.console.dll, GetTestExtensionFromType: Register extension with identifier data 'logger://Microsoft/TestPlatform/TrxLogger/v1' and type 'Microsoft.VisualStudio.TestPlatform.Extensions.TrxLogger.TrxLogger, Microsoft.VisualStudio.TestPlatform.Extensions.Trx.TestLogger, Version=15.0.0.0, Culture=neutral, PublicKeyToken=b03f5f7f11d50a3a' inside file 'C:\Program Files\dotnet\sdk\7.0.100\Extensions\Microsoft.VisualStudio.TestPlatform.Extensions.Trx.TestLogger.dll'
TpTrace Verbose: 0 : 19332, 1, 2022/12/15, 03:37:20.655, 86052094948, vstest.console.dll, TestPluginCache: Discovered the extensions using extension path ''.
TpTrace Verbose: 0 : 19332, 1, 2022/12/15, 03:37:20.655, 86052095135, vstest.console.dll, TestPluginCache: Discoverers are ''.
TpTrace Verbose: 0 : 19332, 1, 2022/12/15, 03:37:20.655, 86052095278, vstest.console.dll, TestPluginCache: Executors are ''.
TpTrace Verbose: 0 : 19332, 1, 2022/12/15, 03:37:20.655, 86052095416, vstest.console.dll, TestPluginCache: Executors2 are ''.
TpTrace Verbose: 0 : 19332, 1, 2022/12/15, 03:37:20.655, 86052095551, vstest.console.dll, TestPluginCache: Setting providers are ''.
TpTrace Verbose: 0 : 19332, 1, 2022/12/15, 03:37:20.655, 86052096066, vstest.console.dll, TestPluginCache: Loggers are 'logger://Microsoft/TestPlatform/Extensions/Blame/v1,logger://Microsoft/TestPlatform/HtmlLogger/v1,logger://Microsoft/TestPlatform/TrxLogger/v1'.
TpTrace Verbose: 0 : 19332, 1, 2022/12/15, 03:37:20.655, 86052096347, vstest.console.dll, TestPluginCache: TestHosts are 'HostProvider://DefaultTestHost,HostProvider://DotnetTestHost'.
TpTrace Verbose: 0 : 19332, 1, 2022/12/15, 03:37:20.655, 86052096502, vstest.console.dll, TestPluginCache: DataCollectors are ''.
TpTrace Information: 0 : 19332, 1, 2022/12/15, 03:37:20.656, 86052102625, vstest.console.dll, TestPluginManager.CreateTestExtension: Attempting to load test extension: Microsoft.TestPlatform.Extensions.BlameDataCollector.BlameLogger
TpTrace Verbose: 0 : 19332, 1, 2022/12/15, 03:37:20.664, 86052180897, vstest.console.dll, TestEngine: Initializing Parallel Execution as MaxCpuCount is set to: 1
TpTrace Information: 0 : 19332, 1, 2022/12/15, 03:37:20.665, 86052195649, vstest.console.dll, TestPluginManager.CreateTestExtension: Attempting to load test extension: Microsoft.VisualStudio.TestPlatform.CrossPlatEngine.Hosting.DefaultTestHostManager
TpTrace Information: 0 : 19332, 1, 2022/12/15, 03:37:20.666, 86052201008, vstest.console.dll, TestPluginManager.CreateTestExtension: Attempting to load test extension: Microsoft.VisualStudio.TestPlatform.CrossPlatEngine.Hosting.DotnetTestHostManager
TpTrace Information: 0 : 19332, 1, 2022/12/15, 03:37:20.666, 86052205734, vstest.console.dll, InferRunSettingsHelper.IsTestSettingsEnabled: Unable to navigate to RunSettings/MSTest. Current node: RunSettings
TpTrace Verbose: 0 : 19332, 1, 2022/12/15, 03:37:20.669, 86052238062, vstest.console.dll, TestEngine.GetExecutionManager: Chosen execution manager 'Microsoft.VisualStudio.TestPlatform.CrossPlatEngine.Client.Parallel.ParallelProxyExecutionManager, Microsoft.TestPlatform.CrossPlatEngine, Version=15.0.0.0, Culture=neutral, PublicKeyToken=b03f5f7f11d50a3a' ParallelLevel '1'.
TpTrace Verbose: 0 : 19332, 1, 2022/12/15, 03:37:20.669, 86052239614, vstest.console.dll, TestRunRequest.ExecuteAsync: Creating test run request.
TpTrace Verbose: 0 : 19332, 1, 2022/12/15, 03:37:20.670, 86052241842, vstest.console.dll, TestRunRequest.ExecuteAsync: Starting.
TpTrace Information: 0 : 19332, 1, 2022/12/15, 03:37:20.670, 86052244069, vstest.console.dll, TestRunRequest.ExecuteAsync: Starting run with settings:TestRunCriteria:
   KeepAlive=False,FrequencyOfRunStatsChangeEvent=10,RunStatsChangeEventTimeout=00:00:01.5000000,TestCaseFilter=,TestExecutorLauncher=
   Settingsxml=<RunSettings>
  <RunConfiguration>
    <ResultsDirectory>D:\C#\zapas\master\SpendLess\UnitTests\bin\Debug\net7.0\fine-code-coverage\coverage-tool-output</ResultsDirectory>
    <TargetPlatform>X64</TargetPlatform>
    <TargetFrameworkVersion>.NETCoreApp,Version=v7.0</TargetFrameworkVersion>
    <DesignMode>False</DesignMode>
    <CollectSourceInformation>False</CollectSourceInformation>
  </RunConfiguration>
  <LoggerRunSettings>
    <Loggers>
      <Logger friendlyName="blame" enabled="True" />
      <Logger friendlyName="Console" uri="logger://microsoft/TestPlatform/ConsoleLogger/v1" assemblyQualifiedName="Microsoft.VisualStudio.TestPlatform.CommandLine.Internal.ConsoleLogger, vstest.console, Version=15.0.0.0, Culture=neutral, PublicKeyToken=b03f5f7f11d50a3a" codeBase="C:\Program Files\dotnet\sdk\7.0.100\vstest.console.dll" enabled="True" />
    </Loggers>
  </LoggerRunSettings>
  <DataCollectionRunSettings>
    <DataCollectors>
      <DataCollector friendlyName="blame" enabled="True">
        <Configuration>
          <ResultsDirectory>D:\C#\zapas\master\SpendLess\UnitTests\bin\Debug\net7.0\fine-code-coverage\coverage-tool-output</ResultsDirectory>
        </Configuration>
      </DataCollector>
    </DataCollectors>
  </DataCollectionRunSettings>
</RunSettings>

TpTrace Verbose: 0 : 19332, 1, 2022/12/15, 03:37:20.670, 86052244457, vstest.console.dll, TestRunRequest.ExecuteAsync: Wait for the first run request is over.
TpTrace Verbose: 0 : 19332, 1, 2022/12/15, 03:37:20.670, 86052246507, vstest.console.dll, MulticastDelegateUtilities.SafeInvoke: TestRun.TestRunStart: Invoking callbacks was skipped because there are no subscribers.
TpTrace Verbose: 0 : 19332, 4, 2022/12/15, 03:37:20.670, 86052249024, vstest.console.dll, MulticastDelegateUtilities.SafeInvoke: InternalTestLoggerEvents.SendTestRunStart: Invoking callback 1/1 for Microsoft.VisualStudio.TestPlatform.CommandLine.Internal.ConsoleLogger., took 0 ms.
TpTrace Verbose: 0 : 19332, 1, 2022/12/15, 03:37:20.671, 86052255236, vstest.console.dll, ParallelProxyExecutionManager: Start execution. Total sources: 1
TpTrace Verbose: 0 : 19332, 1, 2022/12/15, 03:37:20.672, 86052266812, vstest.console.dll, TestRequestSender is acting as server.
TpTrace Verbose: 0 : 19332, 1, 2022/12/15, 03:37:20.673, 86052276109, vstest.console.dll, DataCollectionRequestSender.InitializeCommunication : Initialize communication. 
TpTrace Information: 0 : 19332, 1, 2022/12/15, 03:37:20.676, 86052307786, vstest.console.dll, Listening on Endpoint : 127.0.0.1:50906
TpTrace Verbose: 0 : 19332, 1, 2022/12/15, 03:37:20.681, 86052359459, vstest.console.dll, DotnetDataCollectionLauncher: Adding  --runtimeconfig "C:\Program Files\dotnet\sdk\7.0.100\datacollector.runtimeconfig.json" in args
TpTrace Verbose: 0 : 19332, 1, 2022/12/15, 03:37:20.682, 86052360469, vstest.console.dll, DotnetDataCollectionLauncher: Adding  --depsfile "C:\Program Files\dotnet\sdk\7.0.100\datacollector.deps.json" in args
TpTrace Verbose: 0 : 19332, 1, 2022/12/15, 03:37:20.682, 86052361654, vstest.console.dll, DotnetDataCollectionLauncher: Full path of dotnet.exe is C:\Program Files\dotnet\dotnet.exe
TpTrace Information: 0 : 19332, 1, 2022/12/15, 03:37:20.690, 86052445217, vstest.console.dll, ProxyDataCollectionManager.Initialize: Launched datacollector processId: 11892 port: 50906
TpTrace Information: 0 : 19332, 1, 2022/12/15, 03:37:20.690, 86052446836, vstest.console.dll, ProxyDataCollectionManager.Initialize: waiting for connection with timeout: 90 seconds
TpTrace Verbose: 0 : 19332, 1, 2022/12/15, 03:37:20.690, 86052447354, vstest.console.dll, DataCollectionRequestSender.WaitForRequestHandlerConnection : Waiting for connection with timeout: 90000
TpTrace Information: 0 : 19332, 7, 2022/12/15, 03:37:20.798, 86053524468, vstest.console.dll, Using the buffer size of 16384 bytes
TpTrace Information: 0 : 19332, 7, 2022/12/15, 03:37:20.798, 86053525717, vstest.console.dll, Accepted Client request and set the flag
TpTrace Verbose: 0 : 19332, 1, 2022/12/15, 03:37:20.798, 86053524626, vstest.console.dll, SocketCommunicationManager.WaitForClientConnection took: 107 ms, with 90000 ms timeout, and finished with True.
TpTrace Verbose: 0 : 19332, 1, 2022/12/15, 03:37:20.798, 86053526981, vstest.console.dll, ProxyDataCollectionManager.InvokeDataCollectionServiceAction: Starting.
TpTrace Information: 0 : 19332, 1, 2022/12/15, 03:37:20.798, 86053527519, vstest.console.dll, ProxyDataCollectionManager.BeforeTestRunStart: Get environment variable and port for datacollector processId: 11892 port: 50906
TpTrace Verbose: 0 : 19332, 1, 2022/12/15, 03:37:20.798, 86053528480, vstest.console.dll, DataCollectionRequestSender.SendBeforeTestRunStartAndGetResult: Send BeforeTestRunStart message with settingsXml <RunSettings><RunConfiguration><ResultsDirectory>D:\C#\zapas\master\SpendLess\UnitTests\bin\Debug\net7.0\fine-code-coverage\coverage-tool-output</ResultsDirectory><TargetPlatform>X64</TargetPlatform><TargetFrameworkVersion>.NETCoreApp,Version=v7.0</TargetFrameworkVersion><DesignMode>False</DesignMode><CollectSourceInformation>False</CollectSourceInformation><TestAdaptersPaths>C:\Program Files\dotnet\sdk\7.0.100\Extensions</TestAdaptersPaths></RunConfiguration><LoggerRunSettings><Loggers><Logger friendlyName="blame" enabled="True" /><Logger friendlyName="Console" uri="logger://microsoft/TestPlatform/ConsoleLogger/v1" assemblyQualifiedName="Microsoft.VisualStudio.TestPlatform.CommandLine.Internal.ConsoleLogger, vstest.console, Version=15.0.0.0, Culture=neutral, PublicKeyToken=b03f5f7f11d50a3a" codeBase="C:\Program Files\dotnet\sdk\7.0.100\vstest.console.dll" enabled="True" /></Loggers></LoggerRunSettings><DataCollectionRunSettings><DataCollectors><DataCollector friendlyName="blame" enabled="True"><Configuration><ResultsDirectory>D:\C#\zapas\master\SpendLess\UnitTests\bin\Debug\net7.0\fine-code-coverage\coverage-tool-output</ResultsDirectory></Configuration></DataCollector></DataCollectors></DataCollectionRunSettings></RunSettings> and sources System.Collections.Generic.List`1[System.String]: 
TpTrace Verbose: 0 : 19332, 1, 2022/12/15, 03:37:20.871, 86054254456, vstest.console.dll, DataCollectionRequestSender.SendBeforeTestRunStartAndGetResult: Received message: (DataCollection.SendMessage) -> {"MessageType":"DataCollection.SendMessage","Payload":{"FriendlyName":null,"Uri":null,"TestCaseId":"00000000-0000-0000-0000-000000000000","Message":"Logging DataCollector Diagnostics in file: D:\\C#\\zapas\\master\\SpendLess\\UnitTests\\bin\\Debug\\net7.0\\fine-code-coverage\\coverage-tool-output\\diagnostics.datacollector.22-12-15_03-37-20_68169_1.log","Level":0}}
TpTrace Verbose: 0 : 19332, 1, 2022/12/15, 03:37:20.938, 86054928432, vstest.console.dll, DataCollectionRequestSender.SendBeforeTestRunStartAndGetResult: Received message: (DataCollection.BeforeTestRunStartResult) -> {"MessageType":"DataCollection.BeforeTestRunStartResult","Payload":{"EnvironmentVariables":{},"DataCollectionEventsPort":50910}}
TpTrace Information: 0 : 19332, 1, 2022/12/15, 03:37:20.943, 86054974421, vstest.console.dll, ProxyDataCollectionManager.BeforeTestRunStart: SendBeforeTestRunStartAndGetResult successful, env variable from datacollector:   and testhost port: 50910
TpTrace Information: 0 : 19332, 1, 2022/12/15, 03:37:20.943, 86054975381, vstest.console.dll, ProxyDataCollectionManager.InvokeDataCollectionServiceAction: Completed.
TpTrace Verbose: 0 : 19332, 1, 2022/12/15, 03:37:20.943, 86054976406, vstest.console.dll, ProxyParallelExecutionManager: No sources available for execution.
TpTrace Verbose: 0 : 19332, 7, 2022/12/15, 03:37:20.943, 86054976444, vstest.console.dll, ParallelProxyExecutionManager: Execution started. Started clients: 1
TpTrace Information: 0 : 19332, 1, 2022/12/15, 03:37:20.943, 86054976775, vstest.console.dll, TestRunRequest.ExecuteAsync: Started.
TpTrace Verbose: 0 : 19332, 1, 2022/12/15, 03:37:20.943, 86054977950, vstest.console.dll, TestRunRequest.WaitForCompletion: Waiting with timeout -1.
TpTrace Verbose: 0 : 19332, 7, 2022/12/15, 03:37:20.943, 86054979091, vstest.console.dll, TestRunRequest:SendTestRunMessage: Starting.
TpTrace Verbose: 0 : 19332, 7, 2022/12/15, 03:37:20.944, 86054980586, vstest.console.dll, MulticastDelegateUtilities.SafeInvoke: TestRun.LogMessages: Invoking callback 1/1 for Microsoft.VisualStudio.TestPlatform.CommandLine.TestRunResultAggregator., took 0 ms.
TpTrace Information: 0 : 19332, 7, 2022/12/15, 03:37:20.944, 86054980953, vstest.console.dll, TestRunRequest:SendTestRunMessage: Completed.
TpTrace Verbose: 0 : 19332, 4, 2022/12/15, 03:37:20.944, 86054982186, vstest.console.dll, MulticastDelegateUtilities.SafeInvoke: InternalTestLoggerEvents.SendTestRunMessage: Invoking callback 1/1 for Microsoft.VisualStudio.TestPlatform.CommandLine.Internal.ConsoleLogger., took 0 ms.
TpTrace Verbose: 0 : 19332, 7, 2022/12/15, 03:37:20.944, 86054982776, vstest.console.dll, ProxyExecutionManager: Test host is always Lazy initialize.
TpTrace Verbose: 0 : 19332, 7, 2022/12/15, 03:37:20.944, 86054985338, vstest.console.dll, TestRequestSender.InitializeCommunication: initialize communication. 
TpTrace Information: 0 : 19332, 7, 2022/12/15, 03:37:20.945, 86054990699, vstest.console.dll, SocketServer.Start: Listening on endpoint : 127.0.0.1:50913
TpTrace Verbose: 0 : 19332, 7, 2022/12/15, 03:37:20.945, 86054996766, vstest.console.dll, DotnetTestHostmanager.GetTestHostProcessStartInfo: Platform environment 'X64' target architecture 'X64' framework '.NETCoreApp,Version=v7.0' OS 'Windows'
TpTrace Verbose: 0 : 19332, 7, 2022/12/15, 03:37:20.945, 86054998669, vstest.console.dll, DotnetTestHostmanager: Adding  --runtimeconfig "D:\C#\zapas\master\SpendLess\UnitTests\bin\Debug\net7.0\fine-code-coverage\build-output\Tests.runtimeconfig.json" in args
TpTrace Verbose: 0 : 19332, 7, 2022/12/15, 03:37:20.945, 86054999253, vstest.console.dll, DotnetTestHostmanager: Adding  --depsfile "D:\C#\zapas\master\SpendLess\UnitTests\bin\Debug\net7.0\fine-code-coverage\build-output\Tests.deps.json" in args
TpTrace Verbose: 0 : 19332, 7, 2022/12/15, 03:37:20.945, 86055000350, vstest.console.dll, DotnetTestHostmanager.IsWinOnArm: Current PROCESSOR_ARCHITECTURE from environment variable 'AMD64'
TpTrace Verbose: 0 : 19332, 7, 2022/12/15, 03:37:20.946, 86055000681, vstest.console.dll, DotnetTestHostmanager.IsWinOnArm: Is Windows on ARM 'False'
TpTrace Verbose: 0 : 19332, 7, 2022/12/15, 03:37:20.946, 86055001090, vstest.console.dll, DotnetTestHostManager: testhost.exe found at path: D:\C#\zapas\master\SpendLess\UnitTests\bin\Debug\net7.0\fine-code-coverage\build-output\testhost.exe
TpTrace Verbose: 0 : 19332, 7, 2022/12/15, 03:37:20.946, 86055001398, vstest.console.dll, DotnetTestHostmanager: Full path of host exe is D:\C#\zapas\master\SpendLess\UnitTests\bin\Debug\net7.0\fine-code-coverage\build-output\testhost.exe
TpTrace Verbose: 0 : 19332, 7, 2022/12/15, 03:37:20.946, 86055002308, vstest.console.dll, DotnetTestHostmanager.LaunchTestHostAsync: Found 'VSTEST_WINAPPHOST_DOTNET_ROOT' in env variables, value 'C:\Program Files\dotnet', forwarding to 'DOTNET_ROOT'
TpTrace Verbose: 0 : 19332, 7, 2022/12/15, 03:37:20.946, 86055003557, vstest.console.dll, DotnetTestHostManager: Starting process 'D:\C#\zapas\master\SpendLess\UnitTests\bin\Debug\net7.0\fine-code-coverage\build-output\testhost.exe' with command line ' --runtimeconfig "D:\C#\zapas\master\SpendLess\UnitTests\bin\Debug\net7.0\fine-code-coverage\build-output\Tests.runtimeconfig.json" --depsfile "D:\C#\zapas\master\SpendLess\UnitTests\bin\Debug\net7.0\fine-code-coverage\build-output\Tests.deps.json" --port 50913 --endpoint 127.0.0.1:050913 --role client --parentprocessid 19332 --diag "D:\C#\zapas\master\SpendLess\UnitTests\bin\Debug\net7.0\fine-code-coverage\coverage-tool-output\diagnostics.host.22-12-15_03-37-20_94533_7.log" --tracelevel 4 --datacollectionport 50910 --telemetryoptedin false'
TpTrace Verbose: 0 : 19332, 7, 2022/12/15, 03:37:20.957, 86055113057, vstest.console.dll, MulticastDelegateUtilities.SafeInvoke: HostProviderEvents.OnHostLaunched: Invoking callback 1/2 for Microsoft.VisualStudio.TestPlatform.CrossPlatEngine.Client.ProxyExecutionManagerWithDataCollection., took 1 ms.
TpTrace Verbose: 0 : 19332, 7, 2022/12/15, 03:37:20.958, 86055120588, vstest.console.dll, Test Runtime launched
TpTrace Verbose: 0 : 19332, 7, 2022/12/15, 03:37:20.958, 86055121581, vstest.console.dll, MulticastDelegateUtilities.SafeInvoke: HostProviderEvents.OnHostLaunched: Invoking callback 2/2 for Microsoft.VisualStudio.TestPlatform.CrossPlatEngine.Client.ProxyOperationManager., took 0 ms.
TpTrace Verbose: 0 : 19332, 7, 2022/12/15, 03:37:20.958, 86055123105, vstest.console.dll, TestRequestSender.WaitForRequestHandlerConnection: waiting for connection with timeout: 90000.
TpTrace Verbose: 0 : 19332, 11, 2022/12/15, 03:37:21.133, 86056876789, vstest.console.dll, MulticastDelegateUtilities.SafeInvoke: SocketServer: ClientConnected: Invoking callback 1/1 for Microsoft.VisualStudio.TestPlatform.CommunicationUtilities.TestRequestSender., took 0 ms.
TpTrace Verbose: 0 : 19332, 7, 2022/12/15, 03:37:21.133, 86056876788, vstest.console.dll, TestRequestSender.WaitForRequestHandlerConnection: waiting took 175 ms, with timeout 90000 ms, and result 0, which is success.
TpTrace Verbose: 0 : 19332, 11, 2022/12/15, 03:37:21.133, 86056878226, vstest.console.dll, SocketServer.OnClientConnected: Client connected for endPoint: 127.0.0.1:50913, starting MessageLoopAsync:
TpTrace Verbose: 0 : 19332, 12, 2022/12/15, 03:37:21.134, 86056881131, vstest.console.dll, TcpClientExtensions.MessageLoopAsync: Polling on remoteEndPoint: 127.0.0.1:50914 localEndPoint: 127.0.0.1:50913
TpTrace Verbose: 0 : 19332, 7, 2022/12/15, 03:37:21.134, 86056888900, vstest.console.dll, TestRequestSender.CheckVersionWithTestHost: Sending check version message: {"MessageType":"ProtocolVersion","Payload":7}
TpTrace Verbose: 0 : 19332, 12, 2022/12/15, 03:37:21.235, 86057895333, vstest.console.dll, TcpClientExtensions.MessageLoopAsync: NotifyDataAvailable remoteEndPoint: 127.0.0.1:50914 localEndPoint: 127.0.0.1:50913
TpTrace Verbose: 0 : 19332, 12, 2022/12/15, 03:37:21.235, 86057897700, vstest.console.dll, TestRequestSender.CheckVersionWithTestHost: onMessageReceived received message: (ProtocolVersion) -> {"MessageType":"ProtocolVersion","Payload":7}
TpTrace Verbose: 0 : 19332, 12, 2022/12/15, 03:37:21.236, 86057903170, vstest.console.dll, MulticastDelegateUtilities.SafeInvoke: LengthPrefixCommunicationChannel: MessageReceived: Invoking callback 1/1 for Microsoft.VisualStudio.TestPlatform.CommunicationUtilities.TestRequestSender+<>c__DisplayClass26_0., took 0 ms.
TpTrace Verbose: 0 : 19332, 7, 2022/12/15, 03:37:21.236, 86057903819, vstest.console.dll, TestPluginCache.GetExtensionPaths: Filtered extension paths: 
TpTrace Verbose: 0 : 19332, 12, 2022/12/15, 03:37:21.236, 86057904061, vstest.console.dll, TcpClientExtensions.MessageLoopAsync: Polling on remoteEndPoint: 127.0.0.1:50914 localEndPoint: 127.0.0.1:50913
TpTrace Verbose: 0 : 19332, 7, 2022/12/15, 03:37:21.236, 86057904501, vstest.console.dll, TestPluginCache.GetExtensionPaths: Added default extension paths: C:\Program Files\dotnet\sdk\7.0.100\Extensions\Microsoft.Diagnostics.NETCore.Client.dll
C:\Program Files\dotnet\sdk\7.0.100\Extensions\Microsoft.TestPlatform.Extensions.BlameDataCollector.dll
C:\Program Files\dotnet\sdk\7.0.100\Extensions\Microsoft.TestPlatform.Extensions.EventLogCollector.dll
C:\Program Files\dotnet\sdk\7.0.100\Extensions\Microsoft.TestPlatform.TestHostRuntimeProvider.dll
C:\Program Files\dotnet\sdk\7.0.100\Extensions\Microsoft.VisualStudio.TestPlatform.Extensions.Html.TestLogger.dll
C:\Program Files\dotnet\sdk\7.0.100\Extensions\Microsoft.VisualStudio.TestPlatform.Extensions.Trx.TestLogger.dll
TpTrace Verbose: 0 : 19332, 7, 2022/12/15, 03:37:21.236, 86057904827, vstest.console.dll, TestPluginCache.GetExtensionPaths: Added unfilterableExtensionPaths: 
TpTrace Verbose: 0 : 19332, 7, 2022/12/15, 03:37:21.239, 86057936168, vstest.console.dll, TestRequestSender.InitializeExecution: Sending initialize execution with message: {"Version":7,"MessageType":"TestExecution.Initialize","Payload":["D:\\C#\\zapas\\master\\SpendLess\\UnitTests\\bin\\Debug\\net7.0\\fine-code-coverage\\build-output\\NUnit3.TestAdapter.dll"]}
TpTrace Warning: 0 : 19332, 7, 2022/12/15, 03:37:21.240, 86057940585, vstest.console.dll, InferRunSettingsHelper.MakeRunsettingsCompatible: Removing the following settings: TargetPlatform from RunSettings file. To use those settings please move to latest version of Microsoft.NET.Test.Sdk
TpTrace Verbose: 0 : 19332, 12, 2022/12/15, 03:37:21.241, 86057957388, vstest.console.dll, TcpClientExtensions.MessageLoopAsync: NotifyDataAvailable remoteEndPoint: 127.0.0.1:50914 localEndPoint: 127.0.0.1:50913
TpTrace Verbose: 0 : 19332, 12, 2022/12/15, 03:37:21.242, 86057961143, vstest.console.dll, TestRequestSender.OnExecutionMessageReceived: Received message: {"Version":7,"MessageType":"TestSession.Message","Payload":{"MessageLevel":0,"Message":"Logging TestHost Diagnostics in file: D:\\C#\\zapas\\master\\SpendLess\\UnitTests\\bin\\Debug\\net7.0\\fine-code-coverage\\coverage-tool-output\\diagnostics.host.22-12-15_03-37-20_94533_7.log"}}
TpTrace Verbose: 0 : 19332, 12, 2022/12/15, 03:37:21.249, 86058034125, vstest.console.dll, TestRunRequest:SendTestRunMessage: Starting.
TpTrace Verbose: 0 : 19332, 12, 2022/12/15, 03:37:21.249, 86058035922, vstest.console.dll, MulticastDelegateUtilities.SafeInvoke: TestRun.LogMessages: Invoking callback 1/1 for Microsoft.VisualStudio.TestPlatform.CommandLine.TestRunResultAggregator., took 0 ms.
TpTrace Verbose: 0 : 19332, 4, 2022/12/15, 03:37:21.249, 86058036138, vstest.console.dll, MulticastDelegateUtilities.SafeInvoke: InternalTestLoggerEvents.SendTestRunMessage: Invoking callback 1/1 for Microsoft.VisualStudio.TestPlatform.CommandLine.Internal.ConsoleLogger., took 0 ms.
TpTrace Information: 0 : 19332, 12, 2022/12/15, 03:37:21.249, 86058036282, vstest.console.dll, TestRunRequest:SendTestRunMessage: Completed.
TpTrace Verbose: 0 : 19332, 12, 2022/12/15, 03:37:21.249, 86058037518, vstest.console.dll, MulticastDelegateUtilities.SafeInvoke: LengthPrefixCommunicationChannel: MessageReceived: Invoking callback 1/1 for Microsoft.VisualStudio.TestPlatform.CommunicationUtilities.TestRequestSender+<>c__DisplayClass31_0., took 7 ms.
TpTrace Verbose: 0 : 19332, 12, 2022/12/15, 03:37:21.249, 86058037815, vstest.console.dll, TcpClientExtensions.MessageLoopAsync: Polling on remoteEndPoint: 127.0.0.1:50914 localEndPoint: 127.0.0.1:50913
TpTrace Verbose: 0 : 19332, 7, 2022/12/15, 03:37:21.253, 86058071597, vstest.console.dll, TestRequestSender.StartTestRun: Sending test run with message: {"Version":7,"MessageType":"TestExecution.StartWithSources","Payload":{"AdapterSourceMap":{"_none_":["D:\\C#\\zapas\\master\\SpendLess\\UnitTests\\bin\\Debug\\net7.0\\fine-code-coverage\\build-output\\Tests.dll"]},"RunSettings":"<RunSettings>\r\n  <RunConfiguration>\r\n    <ResultsDirectory>D:\\C#\\zapas\\master\\SpendLess\\UnitTests\\bin\\Debug\\net7.0\\fine-code-coverage\\coverage-tool-output</ResultsDirectory>\r\n    <TargetFrameworkVersion>.NETCoreApp,Version=v7.0</TargetFrameworkVersion>\r\n    <DesignMode>False</DesignMode>\r\n    <CollectSourceInformation>False</CollectSourceInformation>\r\n  </RunConfiguration>\r\n  <LoggerRunSettings>\r\n    <Loggers>\r\n      <Logger friendlyName=\"blame\" enabled=\"True\" />\r\n      <Logger friendlyName=\"Console\" uri=\"logger://microsoft/TestPlatform/ConsoleLogger/v1\" assemblyQualifiedName=\"Microsoft.VisualStudio.TestPlatform.CommandLine.Internal.ConsoleLogger, vstest.console, Version=15.0.0.0, Culture=neutral, PublicKeyToken=b03f5f7f11d50a3a\" codeBase=\"C:\\Program Files\\dotnet\\sdk\\7.0.100\\vstest.console.dll\" enabled=\"True\" />\r\n    </Loggers>\r\n  </LoggerRunSettings>\r\n  <DataCollectionRunSettings>\r\n    <DataCollectors>\r\n      <DataCollector friendlyName=\"blame\" enabled=\"True\">\r\n        <Configuration>\r\n          <ResultsDirectory>D:\\C#\\zapas\\master\\SpendLess\\UnitTests\\bin\\Debug\\net7.0\\fine-code-coverage\\coverage-tool-output</ResultsDirectory>\r\n        </Configuration>\r\n      </DataCollector>\r\n    </DataCollectors>\r\n  </DataCollectionRunSettings>\r\n</RunSettings>","TestExecutionContext":{"FrequencyOfRunStatsChangeEvent":10,"RunStatsChangeEventTimeout":"00:00:01.5000000","InIsolation":false,"KeepAlive":false,"AreTestCaseLevelEventsRequired":false,"IsDebug":false,"TestCaseFilter":null,"FilterOptions":null},"Package":null}}
TpTrace Verbose: 0 : 19332, 12, 2022/12/15, 03:37:21.361, 86059159709, vstest.console.dll, TcpClientExtensions.MessageLoopAsync: NotifyDataAvailable remoteEndPoint: 127.0.0.1:50914 localEndPoint: 127.0.0.1:50913
TpTrace Verbose: 0 : 19332, 12, 2022/12/15, 03:37:21.362, 86059161271, vstest.console.dll, TestRequestSender.OnExecutionMessageReceived: Received message: {"Version":7,"MessageType":"TestSession.Message","Payload":{"MessageLevel":0,"Message":"NUnit Adapter 4.2.0.0: Test execution started"}}
TpTrace Verbose: 0 : 19332, 12, 2022/12/15, 03:37:21.362, 86059164373, vstest.console.dll, TestRunRequest:SendTestRunMessage: Starting.
TpTrace Verbose: 0 : 19332, 12, 2022/12/15, 03:37:21.362, 86059166184, vstest.console.dll, MulticastDelegateUtilities.SafeInvoke: TestRun.LogMessages: Invoking callback 1/1 for Microsoft.VisualStudio.TestPlatform.CommandLine.TestRunResultAggregator., took 0 ms.
TpTrace Information: 0 : 19332, 12, 2022/12/15, 03:37:21.362, 86059167410, vstest.console.dll, TestRunRequest:SendTestRunMessage: Completed.
TpTrace Verbose: 0 : 19332, 4, 2022/12/15, 03:37:21.362, 86059166754, vstest.console.dll, MulticastDelegateUtilities.SafeInvoke: InternalTestLoggerEvents.SendTestRunMessage: Invoking callback 1/1 for Microsoft.VisualStudio.TestPlatform.CommandLine.Internal.ConsoleLogger., took 0 ms.
TpTrace Verbose: 0 : 19332, 12, 2022/12/15, 03:37:21.362, 86059168138, vstest.console.dll, MulticastDelegateUtilities.SafeInvoke: LengthPrefixCommunicationChannel: MessageReceived: Invoking callback 1/1 for Microsoft.VisualStudio.TestPlatform.CommunicationUtilities.TestRequestSender+<>c__DisplayClass31_0., took 0 ms.
TpTrace Verbose: 0 : 19332, 12, 2022/12/15, 03:37:21.362, 86059169100, vstest.console.dll, TcpClientExtensions.MessageLoopAsync: Polling on remoteEndPoint: 127.0.0.1:50914 localEndPoint: 127.0.0.1:50913
TpTrace Verbose: 0 : 19332, 12, 2022/12/15, 03:37:21.380, 86059340930, vstest.console.dll, TcpClientExtensions.MessageLoopAsync: NotifyDataAvailable remoteEndPoint: 127.0.0.1:50914 localEndPoint: 127.0.0.1:50913
TpTrace Verbose: 0 : 19332, 12, 2022/12/15, 03:37:21.380, 86059342274, vstest.console.dll, TestRequestSender.OnExecutionMessageReceived: Received message: {"Version":7,"MessageType":"TestSession.Message","Payload":{"MessageLevel":0,"Message":"Running all tests in D:\\C#\\zapas\\master\\SpendLess\\UnitTests\\bin\\Debug\\net7.0\\fine-code-coverage\\build-output\\Tests.dll"}}
TpTrace Verbose: 0 : 19332, 12, 2022/12/15, 03:37:21.380, 86059343378, vstest.console.dll, TestRunRequest:SendTestRunMessage: Starting.
TpTrace Verbose: 0 : 19332, 12, 2022/12/15, 03:37:21.380, 86059343800, vstest.console.dll, MulticastDelegateUtilities.SafeInvoke: TestRun.LogMessages: Invoking callback 1/1 for Microsoft.VisualStudio.TestPlatform.CommandLine.TestRunResultAggregator., took 0 ms.
TpTrace Information: 0 : 19332, 12, 2022/12/15, 03:37:21.380, 86059344007, vstest.console.dll, TestRunRequest:SendTestRunMessage: Completed.
TpTrace Verbose: 0 : 19332, 12, 2022/12/15, 03:37:21.380, 86059344185, vstest.console.dll, MulticastDelegateUtilities.SafeInvoke: LengthPrefixCommunicationChannel: MessageReceived: Invoking callback 1/1 for Microsoft.VisualStudio.TestPlatform.CommunicationUtilities.TestRequestSender+<>c__DisplayClass31_0., took 0 ms.
TpTrace Verbose: 0 : 19332, 12, 2022/12/15, 03:37:21.380, 86059344371, vstest.console.dll, TcpClientExtensions.MessageLoopAsync: Polling on remoteEndPoint: 127.0.0.1:50914 localEndPoint: 127.0.0.1:50913
TpTrace Verbose: 0 : 19332, 4, 2022/12/15, 03:37:21.380, 86059344426, vstest.console.dll, MulticastDelegateUtilities.SafeInvoke: InternalTestLoggerEvents.SendTestRunMessage: Invoking callback 1/1 for Microsoft.VisualStudio.TestPlatform.CommandLine.Internal.ConsoleLogger., took 0 ms.
TpTrace Verbose: 0 : 19332, 12, 2022/12/15, 03:37:21.476, 86060308623, vstest.console.dll, TcpClientExtensions.MessageLoopAsync: NotifyDataAvailable remoteEndPoint: 127.0.0.1:50914 localEndPoint: 127.0.0.1:50913
TpTrace Verbose: 0 : 19332, 12, 2022/12/15, 03:37:21.476, 86060310230, vstest.console.dll, TestRequestSender.OnExecutionMessageReceived: Received message: {"Version":7,"MessageType":"TestSession.Message","Payload":{"MessageLevel":0,"Message":"   NUnit3TestExecutor discovered 40 of 40 NUnit test cases using Current Discovery mode, Non-Explicit run"}}
TpTrace Verbose: 0 : 19332, 12, 2022/12/15, 03:37:21.477, 86060311519, vstest.console.dll, TestRunRequest:SendTestRunMessage: Starting.
TpTrace Verbose: 0 : 19332, 12, 2022/12/15, 03:37:21.477, 86060312139, vstest.console.dll, MulticastDelegateUtilities.SafeInvoke: TestRun.LogMessages: Invoking callback 1/1 for Microsoft.VisualStudio.TestPlatform.CommandLine.TestRunResultAggregator., took 0 ms.
TpTrace Information: 0 : 19332, 12, 2022/12/15, 03:37:21.477, 86060312366, vstest.console.dll, TestRunRequest:SendTestRunMessage: Completed.
TpTrace Verbose: 0 : 19332, 12, 2022/12/15, 03:37:21.477, 86060312526, vstest.console.dll, MulticastDelegateUtilities.SafeInvoke: LengthPrefixCommunicationChannel: MessageReceived: Invoking callback 1/1 for Microsoft.VisualStudio.TestPlatform.CommunicationUtilities.TestRequestSender+<>c__DisplayClass31_0., took 0 ms.
TpTrace Verbose: 0 : 19332, 4, 2022/12/15, 03:37:21.477, 86060312428, vstest.console.dll, MulticastDelegateUtilities.SafeInvoke: InternalTestLoggerEvents.SendTestRunMessage: Invoking callback 1/1 for Microsoft.VisualStudio.TestPlatform.CommandLine.Internal.ConsoleLogger., took 0 ms.
TpTrace Verbose: 0 : 19332, 12, 2022/12/15, 03:37:21.477, 86060312728, vstest.console.dll, TcpClientExtensions.MessageLoopAsync: Polling on remoteEndPoint: 127.0.0.1:50914 localEndPoint: 127.0.0.1:50913
TpTrace Verbose: 0 : 19332, 12, 2022/12/15, 03:37:21.765, 86063191893, vstest.console.dll, TcpClientExtensions.MessageLoopAsync: NotifyDataAvailable remoteEndPoint: 127.0.0.1:50914 localEndPoint: 127.0.0.1:50913
TpTrace Verbose: 0 : 19332, 12, 2022/12/15, 03:37:21.765, 86063193754, vstest.console.dll, TestRequestSender.OnExecutionMessageReceived: Received message: {"Version":7,"MessageType":"TestExecution.StatsChange","Payload":{"NewTestResults":[{"TestCase":{"Id":"03c06610-443d-eaaf-e39d-7675b551b2ff","FullyQualifiedName":"SpendLess.UnitTests.Tests.AddingTransactionAppendsToList","DisplayName":"AddingTransactionAppendsToList","ExecutorUri":"executor://NUnit3TestExecutor","Source":"D:\\C#\\zapas\\master\\SpendLess\\UnitTests\\bin\\Debug\\net7.0\\fine-code-coverage\\build-output\\Tests.dll","CodeFilePath":null,"LineNumber":0,"Properties":[{"Key":{"Id":"NUnit.Seed","Label":"Seed","Category":"","Description":"","Attributes":0,"ValueType":"System.String"},"Value":"1000202328"}]},"Attachments":[],"Outcome":1,"ErrorMessage":null,"ErrorStackTrace":null,"DisplayName":"AddingTransactionAppendsToList","Messages":[],"ComputerName":"DESKTOP-4Q7MK15","Duration":"00:00:00.1073200","StartTime":"2022-12-15T01:37:21.5035948+00:00","EndTime":"2022-12-15T01:37:21.6108231+00:00","Properties":[{"Key":{"Id":"NUnit.Seed","Label":"Seed","Category":"","Description":"","Attributes":0,"ValueType":"System.String"},"Value":"1000202328"}]},{"TestCase":{"Id":"161e2486-7e50-fd60-1ab8-8cffb0d4d816","FullyQualifiedName":"SpendLess.UnitTests.Tests.AddingTransactionsListChangesTransactionList","DisplayName":"AddingTransactionsListChangesTransactionList","ExecutorUri":"executor://NUnit3TestExecutor","Source":"D:\\C#\\zapas\\master\\SpendLess\\UnitTests\\bin\\Debug\\net7.0\\fine-code-coverage\\build-output\\Tests.dll","CodeFilePath":null,"LineNumber":0,"Properties":[{"Key":{"Id":"NUnit.Seed","Label":"Seed","Category":"","Description":"","Attributes":0,"ValueType":"System.String"},"Value":"1435251468"}]},"Attachments":[],"Outcome":1,"ErrorMessage":null,"ErrorStackTrace":null,"DisplayName":"AddingTransactionsListChangesTransactionList","Messages":[],"ComputerName":"DESKTOP-4Q7MK15","Duration":"00:00:00.0514610","StartTime":"2022-12-15T01:37:21.6130077+00:00","EndTime":"2022-12-15T01:37:21.664469+00:00","Properties":[{"Key":{"Id":"NUnit.Seed","Label":"Seed","Category":"","Description":"","Attributes":0,"ValueType":"System.String"},"Value":"1435251468"}]},{"TestCase":{"Id":"8167410e-da7d-d0ec-6593-a56c7424c3aa","FullyQualifiedName":"SpendLess.UnitTests.Tests.AllowedAmountOfRequestsInvokesNextDelegate","DisplayName":"AllowedAmountOfRequestsInvokesNextDelegate","ExecutorUri":"executor://NUnit3TestExecutor","Source":"D:\\C#\\zapas\\master\\SpendLess\\UnitTests\\bin\\Debug\\net7.0\\fine-code-coverage\\build-output\\Tests.dll","CodeFilePath":null,"LineNumber":0,"Properties":[{"Key":{"Id":"NUnit.Seed","Label":"Seed","Category":"","Description":"","Attributes":0,"ValueType":"System.String"},"Value":"2081848520"}]},"Attachments":[],"Outcome":1,"ErrorMessage":null,"ErrorStackTrace":null,"DisplayName":"AllowedAmountOfRequestsInvokesNextDelegate","Messages":[],"ComputerName":"DESKTOP-4Q7MK15","Duration":"00:00:00.0110360","StartTime":"2022-12-15T01:37:21.6645123+00:00","EndTime":"2022-12-15T01:37:21.6755474+00:00","Properties":[{"Key":{"Id":"NUnit.Seed","Label":"Seed","Category":"","Description":"","Attributes":0,"ValueType":"System.String"},"Value":"2081848520"}]},{"TestCase":{"Id":"eaf3d35d-783d-8f9a-ce79-c99257b27ee7","FullyQualifiedName":"SpendLess.UnitTests.Tests.CheckingForExistingAccountReturnsTrue","DisplayName":"CheckingForExistingAccountReturnsTrue","ExecutorUri":"executor://NUnit3TestExecutor","Source":"D:\\C#\\zapas\\master\\SpendLess\\UnitTests\\bin\\Debug\\net7.0\\fine-code-coverage\\build-output\\Tests.dll","CodeFilePath":null,"LineNumber":0,"Properties":[{"Key":{"Id":"NUnit.Seed","Label":"Seed","Category":"","Description":"","Attributes":0,"ValueType":"System.String"},"Value":"613371581"}]},"Attachments":[],"Outcome":1,"ErrorMessage":null,"ErrorStackTrace":null,"DisplayName":"CheckingForExistingAccountReturnsTrue","Messages":[],"ComputerName":"DESKTOP-4Q7MK15","Duration":"00:00:00.0069190","StartTime":"2022-12-15T01:37:21.6755757+00:00","EndTime":"2022-12-15T01:37:21.6824941+00:00","Properties":[{"Key":{"Id":"NUnit.Seed","Label":"Seed","Category":"","Description":"","Attributes":0,"ValueType":"System.String"},"Value":"613371581"}]},{"TestCase":{"Id":"b9d3163b-0ddf-fa35-6ba8-543ed76ce909","FullyQualifiedName":"SpendLess.UnitTests.Tests.CreatingHashedPasswordReturnsTwoBiteArrays","DisplayName":"CreatingHashedPasswordReturnsTwoBiteArrays","ExecutorUri":"executor://NUnit3TestExecutor","Source":"D:\\C#\\zapas\\master\\SpendLess\\UnitTests\\bin\\Debug\\net7.0\\fine-code-coverage\\build-output\\Tests.dll","CodeFilePath":null,"LineNumber":0,"Properties":[{"Key":{"Id":"NUnit.Seed","Label":"Seed","Category":"","Description":"","Attributes":0,"ValueType":"System.String"},"Value":"1007561695"}]},"Attachments":[],"Outcome":1,"ErrorMessage":null,"ErrorStackTrace":null,"DisplayName":"CreatingHashedPasswordReturnsTwoBiteArrays","Messages":[],"ComputerName":"DESKTOP-4Q7MK15","Duration":"00:00:00.0048329","StartTime":"2022-12-15T01:37:21.6825183+00:00","EndTime":"2022-12-15T01:37:21.6873508+00:00","Properties":[{"Key":{"Id":"NUnit.Seed","Label":"Seed","Category":"","Description":"","Attributes":0,"ValueType":"System.String"},"Value":"1007561695"}]},{"TestCase":{"Id":"2603264b-e44b-0974-bc63-70ea6e8ffcd8","FullyQualifiedName":"SpendLess.UnitTests.Tests.CreatingTokenWhenArgumentsAreInvalidReturnsNull","DisplayName":"CreatingTokenWhenArgumentsAreInvalidReturnsNull","ExecutorUri":"executor://NUnit3TestExecutor","Source":"D:\\C#\\zapas\\master\\SpendLess\\UnitTests\\bin\\Debug\\net7.0\\fine-code-coverage\\build-output\\Tests.dll","CodeFilePath":null,"LineNumber":0,"Properties":[{"Key":{"Id":"NUnit.Seed","Label":"Seed","Category":"","Description":"","Attributes":0,"ValueType":"System.String"},"Value":"916725600"}]},"Attachments":[],"Outcome":1,"ErrorMessage":null,"ErrorStackTrace":null,"DisplayName":"CreatingTokenWhenArgumentsAreInvalidReturnsNull","Messages":[],"ComputerName":"DESKTOP-4Q7MK15","Duration":"00:00:00.0037850","StartTime":"2022-12-15T01:37:21.6873726+00:00","EndTime":"2022-12-15T01:37:21.6911569+00:00","Properties":[{"Key":{"Id":"NUnit.Seed","Label":"Seed","Category":"","Description":"","Attributes":0,"ValueType":"System.String"},"Value":"916725600"}]},{"TestCase":{"Id":"29b55f91-4156-507f-980e-4d3c26f2accd","FullyQualifiedName":"SpendLess.UnitTests.Tests.DeletingTransactionReturnsMessage","DisplayName":"DeletingTransactionReturnsMessage","ExecutorUri":"executor://NUnit3TestExecutor","Source":"D:\\C#\\zapas\\master\\SpendLess\\UnitTests\\bin\\Debug\\net7.0\\fine-code-coverage\\build-output\\Tests.dll","CodeFilePath":null,"LineNumber":0,"Properties":[{"Key":{"Id":"NUnit.Seed","Label":"Seed","Category":"","Description":"","Attributes":0,"ValueType":"System.String"},"Value":"963741128"}]},"Attachments":[],"Outcome":1,"ErrorMessage":null,"ErrorStackTrace":null,"DisplayName":"DeletingTransactionReturnsMessage","Messages":[],"ComputerName":"DESKTOP-4Q7MK15","Duration":"00:00:00.0023200","StartTime":"2022-12-15T01:37:21.6911846+00:00","EndTime":"2022-12-15T01:37:21.6935038+00:00","Properties":[{"Key":{"Id":"NUnit.Seed","Label":"Seed","Category":"","Description":"","Attributes":0,"ValueType":"System.String"},"Value":"963741128"}]},{"TestCase":{"Id":"c683f20b-0ef5-c1ef-13ba-1bcd0a9cf5fe","FullyQualifiedName":"SpendLess.UnitTests.Tests.DeserialisingObjectReturnsObject","DisplayName":"DeserialisingObjectReturnsObject","ExecutorUri":"executor://NUnit3TestExecutor","Source":"D:\\C#\\zapas\\master\\SpendLess\\UnitTests\\bin\\Debug\\net7.0\\fine-code-coverage\\build-output\\Tests.dll","CodeFilePath":null,"LineNumber":0,"Properties":[{"Key":{"Id":"NUnit.Seed","Label":"Seed","Category":"","Description":"","Attributes":0,"ValueType":"System.String"},"Value":"334714168"}]},"Attachments":[],"Outcome":1,"ErrorMessage":null,"ErrorStackTrace":null,"DisplayName":"DeserialisingObjectReturnsObject","Messages":[],"ComputerName":"DESKTOP-4Q7MK15","Duration":"00:00:00.0013470","StartTime":"2022-12-15T01:37:21.6935279+00:00","EndTime":"2022-12-15T01:37:21.694875+00:00","Properties":[{"Key":{"Id":"NUnit.Seed","Label":"Seed","Category":"","Description":"","Attributes":0,"ValueType":"System.String"},"Value":"334714168"}]},{"TestCase":{"Id":"b5c747e5-a936-5496-dad7-d38f8aaf9b24","FullyQualifiedName":"SpendLess.UnitTests.Tests.GettingAuthenticationStateWithExpiredTokenNonAuthentificatedState","DisplayName":"GettingAuthenticationStateWithExpiredTokenNonAuthentificatedState","ExecutorUri":"executor://NUnit3TestExecutor","Source":"D:\\C#\\zapas\\master\\SpendLess\\UnitTests\\bin\\Debug\\net7.0\\fine-code-coverage\\build-output\\Tests.dll","CodeFilePath":null,"LineNumber":0,"Properties":[{"Key":{"Id":"NUnit.Seed","Label":"Seed","Category":"","Description":"","Attributes":0,"ValueType":"System.String"},"Value":"1870449997"}]},"Attachments":[],"Outcome":1,"ErrorMessage":null,"ErrorStackTrace":null,"DisplayName":"GettingAuthenticationStateWithExpiredTokenNonAuthentificatedState","Messages":[],"ComputerName":"DESKTOP-4Q7MK15","Duration":"00:00:00.0502740","StartTime":"2022-12-15T01:37:21.694895+00:00","EndTime":"2022-12-15T01:37:21.7451681+00:00","Properties":[{"Key":{"Id":"NUnit.Seed","Label":"Seed","Category":"","Description":"","Attributes":0,"ValueType":"System.String"},"Value":"1870449997"}]}],"TestRunStatistics":{"ExecutedTests":9,"Stats":{"Passed":9}},"ActiveTests":[{"Id":"42ac38d1-4935-6dbb-8828-4021be986c6e","FullyQualifiedName":"SpendLess.UnitTests.Tests.GettingTransactionsListChangesTransactionList","DisplayName":"GettingTransactionsListChangesTransactionList","ExecutorUri":"executor://NUnit3TestExecutor","Source":"D:\\C#\\zapas\\master\\SpendLess\\UnitTests\\bin\\Debug\\net7.0\\fine-code-coverage\\build-output\\Tests.dll","CodeFilePath":null,"LineNumber":0,"Properties":[{"Key":{"Id":"NUnit.Seed","Label":"Seed","Category":"","Description":"","Attributes":0,"ValueType":"System.String"},"Value":"747040365"}]}]}}
TpTrace Verbose: 0 : 19332, 12, 2022/12/15, 03:37:21.785, 86063399355, vstest.console.dll, TestRunRequest:SendTestRunStatsChange: Starting.
TpTrace Verbose: 0 : 19332, 12, 2022/12/15, 03:37:21.786, 86063401030, vstest.console.dll, InProgress is GettingTransactionsListChangesTransactionList
TpTrace Verbose: 0 : 19332, 12, 2022/12/15, 03:37:21.786, 86063402975, vstest.console.dll, MulticastDelegateUtilities.SafeInvoke: TestRun.RunStatsChanged: Invoking callbacks was skipped because there are no subscribers.
TpTrace Information: 0 : 19332, 12, 2022/12/15, 03:37:21.786, 86063403204, vstest.console.dll, TestRunRequest:SendTestRunStatsChange: Completed.
TpTrace Verbose: 0 : 19332, 12, 2022/12/15, 03:37:21.786, 86063403372, vstest.console.dll, MulticastDelegateUtilities.SafeInvoke: LengthPrefixCommunicationChannel: MessageReceived: Invoking callback 1/1 for Microsoft.VisualStudio.TestPlatform.CommunicationUtilities.TestRequestSender+<>c__DisplayClass31_0., took 20 ms.
TpTrace Verbose: 0 : 19332, 12, 2022/12/15, 03:37:21.786, 86063403569, vstest.console.dll, TcpClientExtensions.MessageLoopAsync: Polling on remoteEndPoint: 127.0.0.1:50914 localEndPoint: 127.0.0.1:50913
TpTrace Verbose: 0 : 19332, 4, 2022/12/15, 03:37:21.787, 86063419696, vstest.console.dll, MulticastDelegateUtilities.SafeInvoke: InternalTestLoggerEvents.SendTestResult: Invoking callback 1/1 for Microsoft.VisualStudio.TestPlatform.CommandLine.Internal.ConsoleLogger., took 1 ms.
TpTrace Verbose: 0 : 19332, 4, 2022/12/15, 03:37:21.788, 86063422037, vstest.console.dll, MulticastDelegateUtilities.SafeInvoke: InternalTestLoggerEvents.SendTestResult: Invoking callback 1/1 for Microsoft.VisualStudio.TestPlatform.CommandLine.Internal.ConsoleLogger., took 0 ms.
TpTrace Verbose: 0 : 19332, 4, 2022/12/15, 03:37:21.788, 86063422528, vstest.console.dll, MulticastDelegateUtilities.SafeInvoke: InternalTestLoggerEvents.SendTestResult: Invoking callback 1/1 for Microsoft.VisualStudio.TestPlatform.CommandLine.Internal.ConsoleLogger., took 0 ms.
TpTrace Verbose: 0 : 19332, 4, 2022/12/15, 03:37:21.788, 86063422724, vstest.console.dll, MulticastDelegateUtilities.SafeInvoke: InternalTestLoggerEvents.SendTestResult: Invoking callback 1/1 for Microsoft.VisualStudio.TestPlatform.CommandLine.Internal.ConsoleLogger., took 0 ms.
TpTrace Verbose: 0 : 19332, 4, 2022/12/15, 03:37:21.788, 86063422923, vstest.console.dll, MulticastDelegateUtilities.SafeInvoke: InternalTestLoggerEvents.SendTestResult: Invoking callback 1/1 for Microsoft.VisualStudio.TestPlatform.CommandLine.Internal.ConsoleLogger., took 0 ms.
TpTrace Verbose: 0 : 19332, 4, 2022/12/15, 03:37:21.788, 86063423103, vstest.console.dll, MulticastDelegateUtilities.SafeInvoke: InternalTestLoggerEvents.SendTestResult: Invoking callback 1/1 for Microsoft.VisualStudio.TestPlatform.CommandLine.Internal.ConsoleLogger., took 0 ms.
TpTrace Verbose: 0 : 19332, 4, 2022/12/15, 03:37:21.788, 86063423318, vstest.console.dll, MulticastDelegateUtilities.SafeInvoke: InternalTestLoggerEvents.SendTestResult: Invoking callback 1/1 for Microsoft.VisualStudio.TestPlatform.CommandLine.Internal.ConsoleLogger., took 0 ms.
TpTrace Verbose: 0 : 19332, 4, 2022/12/15, 03:37:21.788, 86063423524, vstest.console.dll, MulticastDelegateUtilities.SafeInvoke: InternalTestLoggerEvents.SendTestResult: Invoking callback 1/1 for Microsoft.VisualStudio.TestPlatform.CommandLine.Internal.ConsoleLogger., took 0 ms.
TpTrace Verbose: 0 : 19332, 4, 2022/12/15, 03:37:21.788, 86063423713, vstest.console.dll, MulticastDelegateUtilities.SafeInvoke: InternalTestLoggerEvents.SendTestResult: Invoking callback 1/1 for Microsoft.VisualStudio.TestPlatform.CommandLine.Internal.ConsoleLogger., took 0 ms.
TpTrace Verbose: 0 : 19332, 12, 2022/12/15, 03:37:21.807, 86063620385, vstest.console.dll, TcpClientExtensions.MessageLoopAsync: NotifyDataAvailable remoteEndPoint: 127.0.0.1:50914 localEndPoint: 127.0.0.1:50913
TpTrace Verbose: 0 : 19332, 12, 2022/12/15, 03:37:21.808, 86063622753, vstest.console.dll, TestRequestSender.OnExecutionMessageReceived: Received message: {"Version":7,"MessageType":"TestExecution.StatsChange","Payload":{"NewTestResults":[{"TestCase":{"Id":"42ac38d1-4935-6dbb-8828-4021be986c6e","FullyQualifiedName":"SpendLess.UnitTests.Tests.GettingTransactionsListChangesTransactionList","DisplayName":"GettingTransactionsListChangesTransactionList","ExecutorUri":"executor://NUnit3TestExecutor","Source":"D:\\C#\\zapas\\master\\SpendLess\\UnitTests\\bin\\Debug\\net7.0\\fine-code-coverage\\build-output\\Tests.dll","CodeFilePath":null,"LineNumber":0,"Properties":[{"Key":{"Id":"NUnit.Seed","Label":"Seed","Category":"","Description":"","Attributes":0,"ValueType":"System.String"},"Value":"747040365"}]},"Attachments":[],"Outcome":1,"ErrorMessage":null,"ErrorStackTrace":null,"DisplayName":"GettingTransactionsListChangesTransactionList","Messages":[],"ComputerName":"DESKTOP-4Q7MK15","Duration":"00:00:00.0027220","StartTime":"2022-12-15T01:37:21.7451955+00:00","EndTime":"2022-12-15T01:37:21.7479177+00:00","Properties":[{"Key":{"Id":"NUnit.Seed","Label":"Seed","Category":"","Description":"","Attributes":0,"ValueType":"System.String"},"Value":"747040365"}]},{"TestCase":{"Id":"8b4d999f-238d-5603-0ade-c648c5a160c2","FullyQualifiedName":"SpendLess.UnitTests.Tests.GettingTransactionsSetsTransactionList","DisplayName":"GettingTransactionsSetsTransactionList","ExecutorUri":"executor://NUnit3TestExecutor","Source":"D:\\C#\\zapas\\master\\SpendLess\\UnitTests\\bin\\Debug\\net7.0\\fine-code-coverage\\build-output\\Tests.dll","CodeFilePath":null,"LineNumber":0,"Properties":[{"Key":{"Id":"NUnit.Seed","Label":"Seed","Category":"","Description":"","Attributes":0,"ValueType":"System.String"},"Value":"409862426"}]},"Attachments":[],"Outcome":1,"ErrorMessage":null,"ErrorStackTrace":null,"DisplayName":"GettingTransactionsSetsTransactionList","Messages":[],"ComputerName":"DESKTOP-4Q7MK15","Duration":"00:00:00.0014300","StartTime":"2022-12-15T01:37:21.7479422+00:00","EndTime":"2022-12-15T01:37:21.7493721+00:00","Properties":[{"Key":{"Id":"NUnit.Seed","Label":"Seed","Category":"","Description":"","Attributes":0,"ValueType":"System.String"},"Value":"409862426"}]},{"TestCase":{"Id":"b2af0ac0-9188-1527-9ec8-ef477df6d2d7","FullyQualifiedName":"SpendLess.UnitTests.Tests.LoggingExceptionsToFile","DisplayName":"LoggingExceptionsToFile","ExecutorUri":"executor://NUnit3TestExecutor","Source":"D:\\C#\\zapas\\master\\SpendLess\\UnitTests\\bin\\Debug\\net7.0\\fine-code-coverage\\build-output\\Tests.dll","CodeFilePath":null,"LineNumber":0,"Properties":[{"Key":{"Id":"NUnit.Seed","Label":"Seed","Category":"","Description":"","Attributes":0,"ValueType":"System.String"},"Value":"373443567"}]},"Attachments":[],"Outcome":1,"ErrorMessage":null,"ErrorStackTrace":null,"DisplayName":"LoggingExceptionsToFile","Messages":[],"ComputerName":"DESKTOP-4Q7MK15","Duration":"00:00:00.0192050","StartTime":"2022-12-15T01:37:21.7493885+00:00","EndTime":"2022-12-15T01:37:21.7685932+00:00","Properties":[{"Key":{"Id":"NUnit.Seed","Label":"Seed","Category":"","Description":"","Attributes":0,"ValueType":"System.String"},"Value":"373443567"}]},{"TestCase":{"Id":"8f264d6f-8aaa-ecbc-e169-84f313aa63ef","FullyQualifiedName":"SpendLess.UnitTests.Tests.LoggingExceptionsToFileWhenExceptionIsThrownInMethod","DisplayName":"LoggingExceptionsToFileWhenExceptionIsThrownInMethod","ExecutorUri":"executor://NUnit3TestExecutor","Source":"D:\\C#\\zapas\\master\\SpendLess\\UnitTests\\bin\\Debug\\net7.0\\fine-code-coverage\\build-output\\Tests.dll","CodeFilePath":null,"LineNumber":0,"Properties":[{"Key":{"Id":"NUnit.Seed","Label":"Seed","Category":"","Description":"","Attributes":0,"ValueType":"System.String"},"Value":"547631763"}]},"Attachments":[],"Outcome":1,"ErrorMessage":null,"ErrorStackTrace":null,"DisplayName":"LoggingExceptionsToFileWhenExceptionIsThrownInMethod","Messages":[],"ComputerName":"DESKTOP-4Q7MK15","Duration":"00:00:00.0168300","StartTime":"2022-12-15T01:37:21.7686236+00:00","EndTime":"2022-12-15T01:37:21.7854533+00:00","Properties":[{"Key":{"Id":"NUnit.Seed","Label":"Seed","Category":"","Description":"","Attributes":0,"ValueType":"System.String"},"Value":"547631763"}]},{"TestCase":{"Id":"d3460250-e7c3-35d7-8cd8-057bb537b526","FullyQualifiedName":"SpendLess.UnitTests.Tests.LoggingToNonExistingAccountInDatabaseReturnsLoginResponseWithNullToken","DisplayName":"LoggingToNonExistingAccountInDatabaseReturnsLoginResponseWithNullToken","ExecutorUri":"executor://NUnit3TestExecutor","Source":"D:\\C#\\zapas\\master\\SpendLess\\UnitTests\\bin\\Debug\\net7.0\\fine-code-coverage\\build-output\\Tests.dll","CodeFilePath":null,"LineNumber":0,"Properties":[{"Key":{"Id":"NUnit.Seed","Label":"Seed","Category":"","Description":"","Attributes":0,"ValueType":"System.String"},"Value":"1785910050"}]},"Attachments":[],"Outcome":1,"ErrorMessage":null,"ErrorStackTrace":null,"DisplayName":"LoggingToNonExistingAccountInDatabaseReturnsLoginResponseWithNullToken","Messages":[],"ComputerName":"DESKTOP-4Q7MK15","Duration":"00:00:00.0097940","StartTime":"2022-12-15T01:37:21.7854803+00:00","EndTime":"2022-12-15T01:37:21.7952742+00:00","Properties":[{"Key":{"Id":"NUnit.Seed","Label":"Seed","Category":"","Description":"","Attributes":0,"ValueType":"System.String"},"Value":"1785910050"}]},{"TestCase":{"Id":"4bd765fd-7dbb-9110-7107-c8d7a8d957e5","FullyQualifiedName":"SpendLess.UnitTests.Tests.ParsingJwtReturnsIEnumerableWithClaims","DisplayName":"ParsingJwtReturnsIEnumerableWithClaims","ExecutorUri":"executor://NUnit3TestExecutor","Source":"D:\\C#\\zapas\\master\\SpendLess\\UnitTests\\bin\\Debug\\net7.0\\fine-code-coverage\\build-output\\Tests.dll","CodeFilePath":null,"LineNumber":0,"Properties":[{"Key":{"Id":"NUnit.Seed","Label":"Seed","Category":"","Description":"","Attributes":0,"ValueType":"System.String"},"Value":"1186391501"}]},"Attachments":[],"Outcome":1,"ErrorMessage":null,"ErrorStackTrace":null,"DisplayName":"ParsingJwtReturnsIEnumerableWithClaims","Messages":[],"ComputerName":"DESKTOP-4Q7MK15","Duration":"00:00:00.0044950","StartTime":"2022-12-15T01:37:21.7952998+00:00","EndTime":"2022-12-15T01:37:21.7997947+00:00","Properties":[{"Key":{"Id":"NUnit.Seed","Label":"Seed","Category":"","Description":"","Attributes":0,"ValueType":"System.String"},"Value":"1186391501"}]},{"TestCase":{"Id":"55a182ec-c9cc-ff17-169c-2ff8b275ae41","FullyQualifiedName":"SpendLess.UnitTests.Tests.ProvidingEmptyEmailReturnsMessage","DisplayName":"ProvidingEmptyEmailReturnsMessage","ExecutorUri":"executor://NUnit3TestExecutor","Source":"D:\\C#\\zapas\\master\\SpendLess\\UnitTests\\bin\\Debug\\net7.0\\fine-code-coverage\\build-output\\Tests.dll","CodeFilePath":null,"LineNumber":0,"Properties":[{"Key":{"Id":"NUnit.Seed","Label":"Seed","Category":"","Description":"","Attributes":0,"ValueType":"System.String"},"Value":"1576401727"}]},"Attachments":[],"Outcome":1,"ErrorMessage":null,"ErrorStackTrace":null,"DisplayName":"ProvidingEmptyEmailReturnsMessage","Messages":[],"ComputerName":"DESKTOP-4Q7MK15","Duration":"00:00:00.0009890","StartTime":"2022-12-15T01:37:21.799819+00:00","EndTime":"2022-12-15T01:37:21.800808+00:00","Properties":[{"Key":{"Id":"NUnit.Seed","Label":"Seed","Category":"","Description":"","Attributes":0,"ValueType":"System.String"},"Value":"1576401727"}]},{"TestCase":{"Id":"2fc852fe-7391-3434-4237-b3aad133f62c","FullyQualifiedName":"SpendLess.UnitTests.Tests.ProvidingEmptyPasswordReturnsMessage","DisplayName":"ProvidingEmptyPasswordReturnsMessage","ExecutorUri":"executor://NUnit3TestExecutor","Source":"D:\\C#\\zapas\\master\\SpendLess\\UnitTests\\bin\\Debug\\net7.0\\fine-code-coverage\\build-output\\Tests.dll","CodeFilePath":null,"LineNumber":0,"Properties":[{"Key":{"Id":"NUnit.Seed","Label":"Seed","Category":"","Description":"","Attributes":0,"ValueType":"System.String"},"Value":"349671373"}]},"Attachments":[],"Outcome":1,"ErrorMessage":null,"ErrorStackTrace":null,"DisplayName":"ProvidingEmptyPasswordReturnsMessage","Messages":[],"ComputerName":"DESKTOP-4Q7MK15","Duration":"00:00:00.0008660","StartTime":"2022-12-15T01:37:21.8008246+00:00","EndTime":"2022-12-15T01:37:21.8016906+00:00","Properties":[{"Key":{"Id":"NUnit.Seed","Label":"Seed","Category":"","Description":"","Attributes":0,"ValueType":"System.String"},"Value":"349671373"}]},{"TestCase":{"Id":"60f32ccb-c31e-e61a-f415-b2f677db7d6d","FullyQualifiedName":"SpendLess.UnitTests.Tests.ProvidingInvalidEmailReturnsMessage(\"email\")","DisplayName":"ProvidingInvalidEmailReturnsMessage(\"email\")","ExecutorUri":"executor://NUnit3TestExecutor","Source":"D:\\C#\\zapas\\master\\SpendLess\\UnitTests\\bin\\Debug\\net7.0\\fine-code-coverage\\build-output\\Tests.dll","CodeFilePath":null,"LineNumber":0,"Properties":[{"Key":{"Id":"NUnit.Seed","Label":"Seed","Category":"","Description":"","Attributes":0,"ValueType":"System.String"},"Value":"1441527006"}]},"Attachments":[],"Outcome":1,"ErrorMessage":null,"ErrorStackTrace":null,"DisplayName":"ProvidingInvalidEmailReturnsMessage(\"email\")","Messages":[],"ComputerName":"DESKTOP-4Q7MK15","Duration":"00:00:00.0030200","StartTime":"2022-12-15T01:37:21.8017301+00:00","EndTime":"2022-12-15T01:37:21.8047498+00:00","Properties":[{"Key":{"Id":"NUnit.Seed","Label":"Seed","Category":"","Description":"","Attributes":0,"ValueType":"System.String"},"Value":"1441527006"}]}],"TestRunStatistics":{"ExecutedTests":18,"Stats":{"Passed":18}},"ActiveTests":[{"Id":"d41efd26-e249-721a-c806-cabf3adfeadc","FullyQualifiedName":"SpendLess.UnitTests.Tests.ProvidingInvalidEmailReturnsMessage(\"email@\")","DisplayName":"ProvidingInvalidEmailReturnsMessage(\"email@\")","ExecutorUri":"executor://NUnit3TestExecutor","Source":"D:\\C#\\zapas\\master\\SpendLess\\UnitTests\\bin\\Debug\\net7.0\\fine-code-coverage\\build-output\\Tests.dll","CodeFilePath":null,"LineNumber":0,"Properties":[{"Key":{"Id":"NUnit.Seed","Label":"Seed","Category":"","Description":"","Attributes":0,"ValueType":"System.String"},"Value":"1817087009"}]}]}}
TpTrace Verbose: 0 : 19332, 12, 2022/12/15, 03:37:21.809, 86063633956, vstest.console.dll, TestRunRequest:SendTestRunStatsChange: Starting.
TpTrace Verbose: 0 : 19332, 12, 2022/12/15, 03:37:21.809, 86063634445, vstest.console.dll, InProgress is ProvidingInvalidEmailReturnsMessage("email@")
TpTrace Verbose: 0 : 19332, 12, 2022/12/15, 03:37:21.809, 86063634979, vstest.console.dll, MulticastDelegateUtilities.SafeInvoke: TestRun.RunStatsChanged: Invoking callbacks was skipped because there are no subscribers.
TpTrace Information: 0 : 19332, 12, 2022/12/15, 03:37:21.809, 86063635172, vstest.console.dll, TestRunRequest:SendTestRunStatsChange: Completed.
TpTrace Verbose: 0 : 19332, 12, 2022/12/15, 03:37:21.809, 86063635362, vstest.console.dll, MulticastDelegateUtilities.SafeInvoke: LengthPrefixCommunicationChannel: MessageReceived: Invoking callback 1/1 for Microsoft.VisualStudio.TestPlatform.CommunicationUtilities.TestRequestSender+<>c__DisplayClass31_0., took 1 ms.
TpTrace Verbose: 0 : 19332, 4, 2022/12/15, 03:37:21.809, 86063635512, vstest.console.dll, MulticastDelegateUtilities.SafeInvoke: InternalTestLoggerEvents.SendTestResult: Invoking callback 1/1 for Microsoft.VisualStudio.TestPlatform.CommandLine.Internal.ConsoleLogger., took 0 ms.
TpTrace Verbose: 0 : 19332, 12, 2022/12/15, 03:37:21.809, 86063635639, vstest.console.dll, TcpClientExtensions.MessageLoopAsync: Polling on remoteEndPoint: 127.0.0.1:50914 localEndPoint: 127.0.0.1:50913
TpTrace Verbose: 0 : 19332, 4, 2022/12/15, 03:37:21.809, 86063635985, vstest.console.dll, MulticastDelegateUtilities.SafeInvoke: InternalTestLoggerEvents.SendTestResult: Invoking callback 1/1 for Microsoft.VisualStudio.TestPlatform.CommandLine.Internal.ConsoleLogger., took 0 ms.
TpTrace Verbose: 0 : 19332, 4, 2022/12/15, 03:37:21.809, 86063636327, vstest.console.dll, MulticastDelegateUtilities.SafeInvoke: InternalTestLoggerEvents.SendTestResult: Invoking callback 1/1 for Microsoft.VisualStudio.TestPlatform.CommandLine.Internal.ConsoleLogger., took 0 ms.
TpTrace Verbose: 0 : 19332, 4, 2022/12/15, 03:37:21.809, 86063636524, vstest.console.dll, MulticastDelegateUtilities.SafeInvoke: InternalTestLoggerEvents.SendTestResult: Invoking callback 1/1 for Microsoft.VisualStudio.TestPlatform.CommandLine.Internal.ConsoleLogger., took 0 ms.
TpTrace Verbose: 0 : 19332, 4, 2022/12/15, 03:37:21.809, 86063636765, vstest.console.dll, MulticastDelegateUtilities.SafeInvoke: InternalTestLoggerEvents.SendTestResult: Invoking callback 1/1 for Microsoft.VisualStudio.TestPlatform.CommandLine.Internal.ConsoleLogger., took 0 ms.
TpTrace Verbose: 0 : 19332, 4, 2022/12/15, 03:37:21.809, 86063636963, vstest.console.dll, MulticastDelegateUtilities.SafeInvoke: InternalTestLoggerEvents.SendTestResult: Invoking callback 1/1 for Microsoft.VisualStudio.TestPlatform.CommandLine.Internal.ConsoleLogger., took 0 ms.
TpTrace Verbose: 0 : 19332, 4, 2022/12/15, 03:37:21.810, 86063645463, vstest.console.dll, MulticastDelegateUtilities.SafeInvoke: InternalTestLoggerEvents.SendTestResult: Invoking callback 1/1 for Microsoft.VisualStudio.TestPlatform.CommandLine.Internal.ConsoleLogger., took 0 ms.
TpTrace Verbose: 0 : 19332, 4, 2022/12/15, 03:37:21.810, 86063646335, vstest.console.dll, MulticastDelegateUtilities.SafeInvoke: InternalTestLoggerEvents.SendTestResult: Invoking callback 1/1 for Microsoft.VisualStudio.TestPlatform.CommandLine.Internal.ConsoleLogger., took 0 ms.
TpTrace Verbose: 0 : 19332, 4, 2022/12/15, 03:37:21.810, 86063646574, vstest.console.dll, MulticastDelegateUtilities.SafeInvoke: InternalTestLoggerEvents.SendTestResult: Invoking callback 1/1 for Microsoft.VisualStudio.TestPlatform.CommandLine.Internal.ConsoleLogger., took 0 ms.
TpTrace Verbose: 0 : 19332, 12, 2022/12/15, 03:37:21.826, 86063802076, vstest.console.dll, TcpClientExtensions.MessageLoopAsync: NotifyDataAvailable remoteEndPoint: 127.0.0.1:50914 localEndPoint: 127.0.0.1:50913
TpTrace Verbose: 0 : 19332, 12, 2022/12/15, 03:37:21.826, 86063803703, vstest.console.dll, TestRequestSender.OnExecutionMessageReceived: Received message: {"Version":7,"MessageType":"TestExecution.StatsChange","Payload":{"NewTestResults":[{"TestCase":{"Id":"d41efd26-e249-721a-c806-cabf3adfeadc","FullyQualifiedName":"SpendLess.UnitTests.Tests.ProvidingInvalidEmailReturnsMessage(\"email@\")","DisplayName":"ProvidingInvalidEmailReturnsMessage(\"email@\")","ExecutorUri":"executor://NUnit3TestExecutor","Source":"D:\\C#\\zapas\\master\\SpendLess\\UnitTests\\bin\\Debug\\net7.0\\fine-code-coverage\\build-output\\Tests.dll","CodeFilePath":null,"LineNumber":0,"Properties":[{"Key":{"Id":"NUnit.Seed","Label":"Seed","Category":"","Description":"","Attributes":0,"ValueType":"System.String"},"Value":"1817087009"}]},"Attachments":[],"Outcome":1,"ErrorMessage":null,"ErrorStackTrace":null,"DisplayName":"ProvidingInvalidEmailReturnsMessage(\"email@\")","Messages":[],"ComputerName":"DESKTOP-4Q7MK15","Duration":"00:00:00.0008620","StartTime":"2022-12-15T01:37:21.8047685+00:00","EndTime":"2022-12-15T01:37:21.8056301+00:00","Properties":[{"Key":{"Id":"NUnit.Seed","Label":"Seed","Category":"","Description":"","Attributes":0,"ValueType":"System.String"},"Value":"1817087009"}]},{"TestCase":{"Id":"dcc59305-45c4-45bb-3cfd-f16840d115d4","FullyQualifiedName":"SpendLess.UnitTests.Tests.ProvidingInvalidEmailReturnsMessage(\"email@com\")","DisplayName":"ProvidingInvalidEmailReturnsMessage(\"email@com\")","ExecutorUri":"executor://NUnit3TestExecutor","Source":"D:\\C#\\zapas\\master\\SpendLess\\UnitTests\\bin\\Debug\\net7.0\\fine-code-coverage\\build-output\\Tests.dll","CodeFilePath":null,"LineNumber":0,"Properties":[{"Key":{"Id":"NUnit.Seed","Label":"Seed","Category":"","Description":"","Attributes":0,"ValueType":"System.String"},"Value":"1509862672"}]},"Attachments":[],"Outcome":1,"ErrorMessage":null,"ErrorStackTrace":null,"DisplayName":"ProvidingInvalidEmailReturnsMessage(\"email@com\")","Messages":[],"ComputerName":"DESKTOP-4Q7MK15","Duration":"00:00:00.0006020","StartTime":"2022-12-15T01:37:21.8056431+00:00","EndTime":"2022-12-15T01:37:21.8062449+00:00","Properties":[{"Key":{"Id":"NUnit.Seed","Label":"Seed","Category":"","Description":"","Attributes":0,"ValueType":"System.String"},"Value":"1509862672"}]},{"TestCase":{"Id":"a0428869-1553-7379-7178-b02f7ea25dd0","FullyQualifiedName":"SpendLess.UnitTests.Tests.ProvidingInvalidEmailReturnsMessage(\"@gmail.com\")","DisplayName":"ProvidingInvalidEmailReturnsMessage(\"@gmail.com\")","ExecutorUri":"executor://NUnit3TestExecutor","Source":"D:\\C#\\zapas\\master\\SpendLess\\UnitTests\\bin\\Debug\\net7.0\\fine-code-coverage\\build-output\\Tests.dll","CodeFilePath":null,"LineNumber":0,"Properties":[{"Key":{"Id":"NUnit.Seed","Label":"Seed","Category":"","Description":"","Attributes":0,"ValueType":"System.String"},"Value":"770767206"}]},"Attachments":[],"Outcome":1,"ErrorMessage":null,"ErrorStackTrace":null,"DisplayName":"ProvidingInvalidEmailReturnsMessage(\"@gmail.com\")","Messages":[],"ComputerName":"DESKTOP-4Q7MK15","Duration":"00:00:00.0005720","StartTime":"2022-12-15T01:37:21.8062563+00:00","EndTime":"2022-12-15T01:37:21.806828+00:00","Properties":[{"Key":{"Id":"NUnit.Seed","Label":"Seed","Category":"","Description":"","Attributes":0,"ValueType":"System.String"},"Value":"770767206"}]},{"TestCase":{"Id":"c18e0101-174d-633b-e10e-50bba1166fda","FullyQualifiedName":"SpendLess.UnitTests.Tests.ProvidingInvalidRequestReturnsFalse","DisplayName":"ProvidingInvalidRequestReturnsFalse","ExecutorUri":"executor://NUnit3TestExecutor","Source":"D:\\C#\\zapas\\master\\SpendLess\\UnitTests\\bin\\Debug\\net7.0\\fine-code-coverage\\build-output\\Tests.dll","CodeFilePath":null,"LineNumber":0,"Properties":[{"Key":{"Id":"NUnit.Seed","Label":"Seed","Category":"","Description":"","Attributes":0,"ValueType":"System.String"},"Value":"172876707"}]},"Attachments":[],"Outcome":1,"ErrorMessage":null,"ErrorStackTrace":null,"DisplayName":"ProvidingInvalidRequestReturnsFalse","Messages":[],"ComputerName":"DESKTOP-4Q7MK15","Duration":"00:00:00.0008770","StartTime":"2022-12-15T01:37:21.808093+00:00","EndTime":"2022-12-15T01:37:21.8089698+00:00","Properties":[{"Key":{"Id":"NUnit.Seed","Label":"Seed","Category":"","Description":"","Attributes":0,"ValueType":"System.String"},"Value":"172876707"}]},{"TestCase":{"Id":"e35f2ea4-bbef-1af6-4aa4-91d984a9c773","FullyQualifiedName":"SpendLess.UnitTests.Tests.ProvidingPasswordWithoutCapitalLettersReturnsMessage","DisplayName":"ProvidingPasswordWithoutCapitalLettersReturnsMessage","ExecutorUri":"executor://NUnit3TestExecutor","Source":"D:\\C#\\zapas\\master\\SpendLess\\UnitTests\\bin\\Debug\\net7.0\\fine-code-coverage\\build-output\\Tests.dll","CodeFilePath":null,"LineNumber":0,"Properties":[{"Key":{"Id":"NUnit.Seed","Label":"Seed","Category":"","Description":"","Attributes":0,"ValueType":"System.String"},"Value":"1346225807"}]},"Attachments":[],"Outcome":1,"ErrorMessage":null,"ErrorStackTrace":null,"DisplayName":"ProvidingPasswordWithoutCapitalLettersReturnsMessage","Messages":[],"ComputerName":"DESKTOP-4Q7MK15","Duration":"00:00:00.0016550","StartTime":"2022-12-15T01:37:21.8089824+00:00","EndTime":"2022-12-15T01:37:21.8106374+00:00","Properties":[{"Key":{"Id":"NUnit.Seed","Label":"Seed","Category":"","Description":"","Attributes":0,"ValueType":"System.String"},"Value":"1346225807"}]},{"TestCase":{"Id":"34eb0fb8-772e-5dc2-9810-5905fa099219","FullyQualifiedName":"SpendLess.UnitTests.Tests.ProvidingPasswordWithoutDigitsReturnsMessage","DisplayName":"ProvidingPasswordWithoutDigitsReturnsMessage","ExecutorUri":"executor://NUnit3TestExecutor","Source":"D:\\C#\\zapas\\master\\SpendLess\\UnitTests\\bin\\Debug\\net7.0\\fine-code-coverage\\build-output\\Tests.dll","CodeFilePath":null,"LineNumber":0,"Properties":[{"Key":{"Id":"NUnit.Seed","Label":"Seed","Category":"","Description":"","Attributes":0,"ValueType":"System.String"},"Value":"554760570"}]},"Attachments":[],"Outcome":1,"ErrorMessage":null,"ErrorStackTrace":null,"DisplayName":"ProvidingPasswordWithoutDigitsReturnsMessage","Messages":[],"ComputerName":"DESKTOP-4Q7MK15","Duration":"00:00:00.0012230","StartTime":"2022-12-15T01:37:21.8106561+00:00","EndTime":"2022-12-15T01:37:21.8118786+00:00","Properties":[{"Key":{"Id":"NUnit.Seed","Label":"Seed","Category":"","Description":"","Attributes":0,"ValueType":"System.String"},"Value":"554760570"}]},{"TestCase":{"Id":"c4b92e1f-a83a-8a41-a151-f7e2af7e6825","FullyQualifiedName":"SpendLess.UnitTests.Tests.ProvidingPasswordWithoutLowercaseLettersReturnsMessage","DisplayName":"ProvidingPasswordWithoutLowercaseLettersReturnsMessage","ExecutorUri":"executor://NUnit3TestExecutor","Source":"D:\\C#\\zapas\\master\\SpendLess\\UnitTests\\bin\\Debug\\net7.0\\fine-code-coverage\\build-output\\Tests.dll","CodeFilePath":null,"LineNumber":0,"Properties":[{"Key":{"Id":"NUnit.Seed","Label":"Seed","Category":"","Description":"","Attributes":0,"ValueType":"System.String"},"Value":"2004582501"}]},"Attachments":[],"Outcome":1,"ErrorMessage":null,"ErrorStackTrace":null,"DisplayName":"ProvidingPasswordWithoutLowercaseLettersReturnsMessage","Messages":[],"ComputerName":"DESKTOP-4Q7MK15","Duration":"00:00:00.0007370","StartTime":"2022-12-15T01:37:21.8118963+00:00","EndTime":"2022-12-15T01:37:21.8126332+00:00","Properties":[{"Key":{"Id":"NUnit.Seed","Label":"Seed","Category":"","Description":"","Attributes":0,"ValueType":"System.String"},"Value":"2004582501"}]},{"TestCase":{"Id":"01356e1c-675e-627a-bfad-03b437dcd75d","FullyQualifiedName":"SpendLess.UnitTests.Tests.ProvidingTooShortPasswordReturnsMessage","DisplayName":"ProvidingTooShortPasswordReturnsMessage","ExecutorUri":"executor://NUnit3TestExecutor","Source":"D:\\C#\\zapas\\master\\SpendLess\\UnitTests\\bin\\Debug\\net7.0\\fine-code-coverage\\build-output\\Tests.dll","CodeFilePath":null,"LineNumber":0,"Properties":[{"Key":{"Id":"NUnit.Seed","Label":"Seed","Category":"","Description":"","Attributes":0,"ValueType":"System.String"},"Value":"574372963"}]},"Attachments":[],"Outcome":1,"ErrorMessage":null,"ErrorStackTrace":null,"DisplayName":"ProvidingTooShortPasswordReturnsMessage","Messages":[],"ComputerName":"DESKTOP-4Q7MK15","Duration":"00:00:00.0006530","StartTime":"2022-12-15T01:37:21.8126459+00:00","EndTime":"2022-12-15T01:37:21.8132983+00:00","Properties":[{"Key":{"Id":"NUnit.Seed","Label":"Seed","Category":"","Description":"","Attributes":0,"ValueType":"System.String"},"Value":"574372963"}]},{"TestCase":{"Id":"0080d53b-2f37-bf12-384e-2587bd2c6f04","FullyQualifiedName":"SpendLess.UnitTests.Tests.RegisteringWithExistingAccountInDatabaseReturnsLoginResponseWithNullToken","DisplayName":"RegisteringWithExistingAccountInDatabaseReturnsLoginResponseWithNullToken","ExecutorUri":"executor://NUnit3TestExecutor","Source":"D:\\C#\\zapas\\master\\SpendLess\\UnitTests\\bin\\Debug\\net7.0\\fine-code-coverage\\build-output\\Tests.dll","CodeFilePath":null,"LineNumber":0,"Properties":[{"Key":{"Id":"NUnit.Seed","Label":"Seed","Category":"","Description":"","Attributes":0,"ValueType":"System.String"},"Value":"1439872406"}]},"Attachments":[],"Outcome":1,"ErrorMessage":null,"ErrorStackTrace":null,"DisplayName":"RegisteringWithExistingAccountInDatabaseReturnsLoginResponseWithNullToken","Messages":[],"ComputerName":"DESKTOP-4Q7MK15","Duration":"00:00:00.0072360","StartTime":"2022-12-15T01:37:21.8133099+00:00","EndTime":"2022-12-15T01:37:21.8205458+00:00","Properties":[{"Key":{"Id":"NUnit.Seed","Label":"Seed","Category":"","Description":"","Attributes":0,"ValueType":"System.String"},"Value":"1439872406"}]}],"TestRunStatistics":{"ExecutedTests":27,"Stats":{"Passed":27}},"ActiveTests":[{"Id":"fafcf8c7-0973-7c59-520e-af4c07da5d80","FullyQualifiedName":"SpendLess.UnitTests.Tests.RegisteringWithNewAccountInDatabaseReturnsLoginResponseWithSuccessMessage","DisplayName":"RegisteringWithNewAccountInDatabaseReturnsLoginResponseWithSuccessMessage","ExecutorUri":"executor://NUnit3TestExecutor","Source":"D:\\C#\\zapas\\master\\SpendLess\\UnitTests\\bin\\Debug\\net7.0\\fine-code-coverage\\build-output\\Tests.dll","CodeFilePath":null,"LineNumber":0,"Properties":[{"Key":{"Id":"NUnit.Seed","Label":"Seed","Category":"","Description":"","Attributes":0,"ValueType":"System.String"},"Value":"1347421900"}]}]}}
TpTrace Verbose: 0 : 19332, 12, 2022/12/15, 03:37:21.827, 86063810573, vstest.console.dll, TestRunRequest:SendTestRunStatsChange: Starting.
TpTrace Verbose: 0 : 19332, 12, 2022/12/15, 03:37:21.827, 86063810878, vstest.console.dll, InProgress is RegisteringWithNewAccountInDatabaseReturnsLoginResponseWithSuccessMessage
TpTrace Verbose: 0 : 19332, 12, 2022/12/15, 03:37:21.827, 86063811202, vstest.console.dll, MulticastDelegateUtilities.SafeInvoke: TestRun.RunStatsChanged: Invoking callbacks was skipped because there are no subscribers.
TpTrace Information: 0 : 19332, 12, 2022/12/15, 03:37:21.827, 86063811366, vstest.console.dll, TestRunRequest:SendTestRunStatsChange: Completed.
TpTrace Verbose: 0 : 19332, 12, 2022/12/15, 03:37:21.827, 86063811523, vstest.console.dll, MulticastDelegateUtilities.SafeInvoke: LengthPrefixCommunicationChannel: MessageReceived: Invoking callback 1/1 for Microsoft.VisualStudio.TestPlatform.CommunicationUtilities.TestRequestSender+<>c__DisplayClass31_0., took 0 ms.
TpTrace Verbose: 0 : 19332, 12, 2022/12/15, 03:37:21.827, 86063811691, vstest.console.dll, TcpClientExtensions.MessageLoopAsync: Polling on remoteEndPoint: 127.0.0.1:50914 localEndPoint: 127.0.0.1:50913
TpTrace Verbose: 0 : 19332, 4, 2022/12/15, 03:37:21.827, 86063811824, vstest.console.dll, MulticastDelegateUtilities.SafeInvoke: InternalTestLoggerEvents.SendTestResult: Invoking callback 1/1 for Microsoft.VisualStudio.TestPlatform.CommandLine.Internal.ConsoleLogger., took 0 ms.
TpTrace Verbose: 0 : 19332, 4, 2022/12/15, 03:37:21.827, 86063812462, vstest.console.dll, MulticastDelegateUtilities.SafeInvoke: InternalTestLoggerEvents.SendTestResult: Invoking callback 1/1 for Microsoft.VisualStudio.TestPlatform.CommandLine.Internal.ConsoleLogger., took 0 ms.
TpTrace Verbose: 0 : 19332, 4, 2022/12/15, 03:37:21.827, 86063812741, vstest.console.dll, MulticastDelegateUtilities.SafeInvoke: InternalTestLoggerEvents.SendTestResult: Invoking callback 1/1 for Microsoft.VisualStudio.TestPlatform.CommandLine.Internal.ConsoleLogger., took 0 ms.
TpTrace Verbose: 0 : 19332, 4, 2022/12/15, 03:37:21.827, 86063813058, vstest.console.dll, MulticastDelegateUtilities.SafeInvoke: InternalTestLoggerEvents.SendTestResult: Invoking callback 1/1 for Microsoft.VisualStudio.TestPlatform.CommandLine.Internal.ConsoleLogger., took 0 ms.
TpTrace Verbose: 0 : 19332, 4, 2022/12/15, 03:37:21.827, 86063813384, vstest.console.dll, MulticastDelegateUtilities.SafeInvoke: InternalTestLoggerEvents.SendTestResult: Invoking callback 1/1 for Microsoft.VisualStudio.TestPlatform.CommandLine.Internal.ConsoleLogger., took 0 ms.
TpTrace Verbose: 0 : 19332, 4, 2022/12/15, 03:37:21.827, 86063813673, vstest.console.dll, MulticastDelegateUtilities.SafeInvoke: InternalTestLoggerEvents.SendTestResult: Invoking callback 1/1 for Microsoft.VisualStudio.TestPlatform.CommandLine.Internal.ConsoleLogger., took 0 ms.
TpTrace Verbose: 0 : 19332, 4, 2022/12/15, 03:37:21.827, 86063813917, vstest.console.dll, MulticastDelegateUtilities.SafeInvoke: InternalTestLoggerEvents.SendTestResult: Invoking callback 1/1 for Microsoft.VisualStudio.TestPlatform.CommandLine.Internal.ConsoleLogger., took 0 ms.
TpTrace Verbose: 0 : 19332, 4, 2022/12/15, 03:37:21.827, 86063814241, vstest.console.dll, MulticastDelegateUtilities.SafeInvoke: InternalTestLoggerEvents.SendTestResult: Invoking callback 1/1 for Microsoft.VisualStudio.TestPlatform.CommandLine.Internal.ConsoleLogger., took 0 ms.
TpTrace Verbose: 0 : 19332, 4, 2022/12/15, 03:37:21.827, 86063814577, vstest.console.dll, MulticastDelegateUtilities.SafeInvoke: InternalTestLoggerEvents.SendTestResult: Invoking callback 1/1 for Microsoft.VisualStudio.TestPlatform.CommandLine.Internal.ConsoleLogger., took 0 ms.
TpTrace Verbose: 0 : 19332, 12, 2022/12/15, 03:37:21.899, 86064532844, vstest.console.dll, TcpClientExtensions.MessageLoopAsync: NotifyDataAvailable remoteEndPoint: 127.0.0.1:50914 localEndPoint: 127.0.0.1:50913
TpTrace Verbose: 0 : 19332, 12, 2022/12/15, 03:37:21.899, 86064534946, vstest.console.dll, TestRequestSender.OnExecutionMessageReceived: Received message: {"Version":7,"MessageType":"TestExecution.StatsChange","Payload":{"NewTestResults":[{"TestCase":{"Id":"fafcf8c7-0973-7c59-520e-af4c07da5d80","FullyQualifiedName":"SpendLess.UnitTests.Tests.RegisteringWithNewAccountInDatabaseReturnsLoginResponseWithSuccessMessage","DisplayName":"RegisteringWithNewAccountInDatabaseReturnsLoginResponseWithSuccessMessage","ExecutorUri":"executor://NUnit3TestExecutor","Source":"D:\\C#\\zapas\\master\\SpendLess\\UnitTests\\bin\\Debug\\net7.0\\fine-code-coverage\\build-output\\Tests.dll","CodeFilePath":null,"LineNumber":0,"Properties":[{"Key":{"Id":"NUnit.Seed","Label":"Seed","Category":"","Description":"","Attributes":0,"ValueType":"System.String"},"Value":"1347421900"}]},"Attachments":[],"Outcome":1,"ErrorMessage":null,"ErrorStackTrace":null,"DisplayName":"RegisteringWithNewAccountInDatabaseReturnsLoginResponseWithSuccessMessage","Messages":[],"ComputerName":"DESKTOP-4Q7MK15","Duration":"00:00:00.0183569","StartTime":"2022-12-15T01:37:21.8205706+00:00","EndTime":"2022-12-15T01:37:21.8389274+00:00","Properties":[{"Key":{"Id":"NUnit.Seed","Label":"Seed","Category":"","Description":"","Attributes":0,"ValueType":"System.String"},"Value":"1347421900"}]},{"TestCase":{"Id":"b76cca78-5e6e-f139-a965-78ad997e86e5","FullyQualifiedName":"SpendLess.UnitTests.Tests.SerialisingObjectReturnsBiteArray","DisplayName":"SerialisingObjectReturnsBiteArray","ExecutorUri":"executor://NUnit3TestExecutor","Source":"D:\\C#\\zapas\\master\\SpendLess\\UnitTests\\bin\\Debug\\net7.0\\fine-code-coverage\\build-output\\Tests.dll","CodeFilePath":null,"LineNumber":0,"Properties":[{"Key":{"Id":"NUnit.Seed","Label":"Seed","Category":"","Description":"","Attributes":0,"ValueType":"System.String"},"Value":"1247087929"}]},"Attachments":[],"Outcome":1,"ErrorMessage":null,"ErrorStackTrace":null,"DisplayName":"SerialisingObjectReturnsBiteArray","Messages":[],"ComputerName":"DESKTOP-4Q7MK15","Duration":"00:00:00.0020310","StartTime":"2022-12-15T01:37:21.8389531+00:00","EndTime":"2022-12-15T01:37:21.8409838+00:00","Properties":[{"Key":{"Id":"NUnit.Seed","Label":"Seed","Category":"","Description":"","Attributes":0,"ValueType":"System.String"},"Value":"1247087929"}]},{"TestCase":{"Id":"31ab8648-48ff-2b60-d857-577700954827","FullyQualifiedName":"SpendLess.UnitTests.Tests.SortsListWhenNewValueIsAdded(True,null,False)","DisplayName":"SortsListWhenNewValueIsAdded(True,null,False)","ExecutorUri":"executor://NUnit3TestExecutor","Source":"D:\\C#\\zapas\\master\\SpendLess\\UnitTests\\bin\\Debug\\net7.0\\fine-code-coverage\\build-output\\Tests.dll","CodeFilePath":null,"LineNumber":0,"Properties":[{"Key":{"Id":"NUnit.Seed","Label":"Seed","Category":"","Description":"","Attributes":0,"ValueType":"System.String"},"Value":"107349569"}]},"Attachments":[],"Outcome":1,"ErrorMessage":null,"ErrorStackTrace":null,"DisplayName":"SortsListWhenNewValueIsAdded(True,null,False)","Messages":[],"ComputerName":"DESKTOP-4Q7MK15","Duration":"00:00:00.0159620","StartTime":"2022-12-15T01:37:21.8410411+00:00","EndTime":"2022-12-15T01:37:21.8570027+00:00","Properties":[{"Key":{"Id":"NUnit.Seed","Label":"Seed","Category":"","Description":"","Attributes":0,"ValueType":"System.String"},"Value":"107349569"}]},{"TestCase":{"Id":"d99817b3-e26e-f0e4-13a4-e7309c18c586","FullyQualifiedName":"SpendLess.UnitTests.Tests.SortsListWhenNewValueIsAdded(False,\"something\",False)","DisplayName":"SortsListWhenNewValueIsAdded(False,\"something\",False)","ExecutorUri":"executor://NUnit3TestExecutor","Source":"D:\\C#\\zapas\\master\\SpendLess\\UnitTests\\bin\\Debug\\net7.0\\fine-code-coverage\\build-output\\Tests.dll","CodeFilePath":null,"LineNumber":0,"Properties":[{"Key":{"Id":"NUnit.Seed","Label":"Seed","Category":"","Description":"","Attributes":0,"ValueType":"System.String"},"Value":"1499364439"}]},"Attachments":[],"Outcome":1,"ErrorMessage":null,"ErrorStackTrace":null,"DisplayName":"SortsListWhenNewValueIsAdded(False,\"something\",False)","Messages":[],"ComputerName":"DESKTOP-4Q7MK15","Duration":"00:00:00.0152660","StartTime":"2022-12-15T01:37:21.8570281+00:00","EndTime":"2022-12-15T01:37:21.8722936+00:00","Properties":[{"Key":{"Id":"NUnit.Seed","Label":"Seed","Category":"","Description":"","Attributes":0,"ValueType":"System.String"},"Value":"1499364439"}]},{"TestCase":{"Id":"82a148f0-a71e-adeb-0fcb-02898b8785e9","FullyQualifiedName":"SpendLess.UnitTests.Tests.SuccessfulyCreatingAccountAddsTokenToLocalStorage","DisplayName":"SuccessfulyCreatingAccountAddsTokenToLocalStorage","ExecutorUri":"executor://NUnit3TestExecutor","Source":"D:\\C#\\zapas\\master\\SpendLess\\UnitTests\\bin\\Debug\\net7.0\\fine-code-coverage\\build-output\\Tests.dll","CodeFilePath":null,"LineNumber":0,"Properties":[{"Key":{"Id":"NUnit.Seed","Label":"Seed","Category":"","Description":"","Attributes":0,"ValueType":"System.String"},"Value":"1125902873"}]},"Attachments":[],"Outcome":1,"ErrorMessage":null,"ErrorStackTrace":null,"DisplayName":"SuccessfulyCreatingAccountAddsTokenToLocalStorage","Messages":[],"ComputerName":"DESKTOP-4Q7MK15","Duration":"00:00:00.0052740","StartTime":"2022-12-15T01:37:21.8724181+00:00","EndTime":"2022-12-15T01:37:21.8776918+00:00","Properties":[{"Key":{"Id":"NUnit.Seed","Label":"Seed","Category":"","Description":"","Attributes":0,"ValueType":"System.String"},"Value":"1125902873"}]},{"TestCase":{"Id":"1a280228-7901-5d7b-a1e0-aa500a57bfdf","FullyQualifiedName":"SpendLess.UnitTests.Tests.SuccessfulyCreatingAccountInDatabaseReturnsTrue","DisplayName":"SuccessfulyCreatingAccountInDatabaseReturnsTrue","ExecutorUri":"executor://NUnit3TestExecutor","Source":"D:\\C#\\zapas\\master\\SpendLess\\UnitTests\\bin\\Debug\\net7.0\\fine-code-coverage\\build-output\\Tests.dll","CodeFilePath":null,"LineNumber":0,"Properties":[{"Key":{"Id":"NUnit.Seed","Label":"Seed","Category":"","Description":"","Attributes":0,"ValueType":"System.String"},"Value":"588360042"}]},"Attachments":[],"Outcome":1,"ErrorMessage":null,"ErrorStackTrace":null,"DisplayName":"SuccessfulyCreatingAccountInDatabaseReturnsTrue","Messages":[],"ComputerName":"DESKTOP-4Q7MK15","Duration":"00:00:00.0015410","StartTime":"2022-12-15T01:37:21.8777194+00:00","EndTime":"2022-12-15T01:37:21.8792606+00:00","Properties":[{"Key":{"Id":"NUnit.Seed","Label":"Seed","Category":"","Description":"","Attributes":0,"ValueType":"System.String"},"Value":"588360042"}]},{"TestCase":{"Id":"d1990de6-dc57-7384-1476-6dc71ba9c3ed","FullyQualifiedName":"SpendLess.UnitTests.Tests.SuccessfulyCreatingAccountReturnsTrue","DisplayName":"SuccessfulyCreatingAccountReturnsTrue","ExecutorUri":"executor://NUnit3TestExecutor","Source":"D:\\C#\\zapas\\master\\SpendLess\\UnitTests\\bin\\Debug\\net7.0\\fine-code-coverage\\build-output\\Tests.dll","CodeFilePath":null,"LineNumber":0,"Properties":[{"Key":{"Id":"NUnit.Seed","Label":"Seed","Category":"","Description":"","Attributes":0,"ValueType":"System.String"},"Value":"1894020669"}]},"Attachments":[],"Outcome":1,"ErrorMessage":null,"ErrorStackTrace":null,"DisplayName":"SuccessfulyCreatingAccountReturnsTrue","Messages":[],"ComputerName":"DESKTOP-4Q7MK15","Duration":"00:00:00.0012410","StartTime":"2022-12-15T01:37:21.8792787+00:00","EndTime":"2022-12-15T01:37:21.8805198+00:00","Properties":[{"Key":{"Id":"NUnit.Seed","Label":"Seed","Category":"","Description":"","Attributes":0,"ValueType":"System.String"},"Value":"1894020669"}]},{"TestCase":{"Id":"299fd3f7-129d-800a-d8b5-88f27c1d8468","FullyQualifiedName":"SpendLess.UnitTests.Tests.TaskMethodsWithExceptionsAreLoggedByInterceptor","DisplayName":"TaskMethodsWithExceptionsAreLoggedByInterceptor","ExecutorUri":"executor://NUnit3TestExecutor","Source":"D:\\C#\\zapas\\master\\SpendLess\\UnitTests\\bin\\Debug\\net7.0\\fine-code-coverage\\build-output\\Tests.dll","CodeFilePath":null,"LineNumber":0,"Properties":[{"Key":{"Id":"NUnit.Seed","Label":"Seed","Category":"","Description":"","Attributes":0,"ValueType":"System.String"},"Value":"248744911"}]},"Attachments":[],"Outcome":1,"ErrorMessage":null,"ErrorStackTrace":null,"DisplayName":"TaskMethodsWithExceptionsAreLoggedByInterceptor","Messages":[],"ComputerName":"DESKTOP-4Q7MK15","Duration":"00:00:00.0088220","StartTime":"2022-12-15T01:37:21.8805359+00:00","EndTime":"2022-12-15T01:37:21.8893571+00:00","Properties":[{"Key":{"Id":"NUnit.Seed","Label":"Seed","Category":"","Description":"","Attributes":0,"ValueType":"System.String"},"Value":"248744911"}]},{"TestCase":{"Id":"d4837aef-ca04-0f6d-9271-e284ed0b00e2","FullyQualifiedName":"SpendLess.UnitTests.Tests.TaskResultMethodsWithExceptionsAreLoggedByInterceptor","DisplayName":"TaskResultMethodsWithExceptionsAreLoggedByInterceptor","ExecutorUri":"executor://NUnit3TestExecutor","Source":"D:\\C#\\zapas\\master\\SpendLess\\UnitTests\\bin\\Debug\\net7.0\\fine-code-coverage\\build-output\\Tests.dll","CodeFilePath":null,"LineNumber":0,"Properties":[{"Key":{"Id":"NUnit.Seed","Label":"Seed","Category":"","Description":"","Attributes":0,"ValueType":"System.String"},"Value":"1889689036"}]},"Attachments":[],"Outcome":1,"ErrorMessage":null,"ErrorStackTrace":null,"DisplayName":"TaskResultMethodsWithExceptionsAreLoggedByInterceptor","Messages":[],"ComputerName":"DESKTOP-4Q7MK15","Duration":"00:00:00.0074590","StartTime":"2022-12-15T01:37:21.8893885+00:00","EndTime":"2022-12-15T01:37:21.8968476+00:00","Properties":[{"Key":{"Id":"NUnit.Seed","Label":"Seed","Category":"","Description":"","Attributes":0,"ValueType":"System.String"},"Value":"1889689036"}]}],"TestRunStatistics":{"ExecutedTests":36,"Stats":{"Passed":36}},"ActiveTests":[{"Id":"133df496-a78b-4fcc-2d5b-96e2bb70de50","FullyQualifiedName":"SpendLess.UnitTests.Tests.TooManyRequestsWhenclientStatisticsIsNotNull","DisplayName":"TooManyRequestsWhenclientStatisticsIsNotNull","ExecutorUri":"executor://NUnit3TestExecutor","Source":"D:\\C#\\zapas\\master\\SpendLess\\UnitTests\\bin\\Debug\\net7.0\\fine-code-coverage\\build-output\\Tests.dll","CodeFilePath":null,"LineNumber":0,"Properties":[{"Key":{"Id":"NUnit.Seed","Label":"Seed","Category":"","Description":"","Attributes":0,"ValueType":"System.String"},"Value":"1940213434"}]}]}}
TpTrace Verbose: 0 : 19332, 12, 2022/12/15, 03:37:21.900, 86064544710, vstest.console.dll, TestRunRequest:SendTestRunStatsChange: Starting.
TpTrace Verbose: 0 : 19332, 12, 2022/12/15, 03:37:21.900, 86064545062, vstest.console.dll, InProgress is TooManyRequestsWhenclientStatisticsIsNotNull
TpTrace Verbose: 0 : 19332, 12, 2022/12/15, 03:37:21.900, 86064545411, vstest.console.dll, MulticastDelegateUtilities.SafeInvoke: TestRun.RunStatsChanged: Invoking callbacks was skipped because there are no subscribers.
TpTrace Information: 0 : 19332, 12, 2022/12/15, 03:37:21.900, 86064545609, vstest.console.dll, TestRunRequest:SendTestRunStatsChange: Completed.
TpTrace Verbose: 0 : 19332, 12, 2022/12/15, 03:37:21.900, 86064545826, vstest.console.dll, MulticastDelegateUtilities.SafeInvoke: LengthPrefixCommunicationChannel: MessageReceived: Invoking callback 1/1 for Microsoft.VisualStudio.TestPlatform.CommunicationUtilities.TestRequestSender+<>c__DisplayClass31_0., took 1 ms.
TpTrace Verbose: 0 : 19332, 12, 2022/12/15, 03:37:21.900, 86064546044, vstest.console.dll, TcpClientExtensions.MessageLoopAsync: Polling on remoteEndPoint: 127.0.0.1:50914 localEndPoint: 127.0.0.1:50913
TpTrace Verbose: 0 : 19332, 4, 2022/12/15, 03:37:21.900, 86064546572, vstest.console.dll, MulticastDelegateUtilities.SafeInvoke: InternalTestLoggerEvents.SendTestResult: Invoking callback 1/1 for Microsoft.VisualStudio.TestPlatform.CommandLine.Internal.ConsoleLogger., took 0 ms.
TpTrace Verbose: 0 : 19332, 4, 2022/12/15, 03:37:21.900, 86064547249, vstest.console.dll, MulticastDelegateUtilities.SafeInvoke: InternalTestLoggerEvents.SendTestResult: Invoking callback 1/1 for Microsoft.VisualStudio.TestPlatform.CommandLine.Internal.ConsoleLogger., took 0 ms.
TpTrace Verbose: 0 : 19332, 4, 2022/12/15, 03:37:21.900, 86064547650, vstest.console.dll, MulticastDelegateUtilities.SafeInvoke: InternalTestLoggerEvents.SendTestResult: Invoking callback 1/1 for Microsoft.VisualStudio.TestPlatform.CommandLine.Internal.ConsoleLogger., took 0 ms.
TpTrace Verbose: 0 : 19332, 4, 2022/12/15, 03:37:21.900, 86064547956, vstest.console.dll, MulticastDelegateUtilities.SafeInvoke: InternalTestLoggerEvents.SendTestResult: Invoking callback 1/1 for Microsoft.VisualStudio.TestPlatform.CommandLine.Internal.ConsoleLogger., took 0 ms.
TpTrace Verbose: 0 : 19332, 4, 2022/12/15, 03:37:21.900, 86064548253, vstest.console.dll, MulticastDelegateUtilities.SafeInvoke: InternalTestLoggerEvents.SendTestResult: Invoking callback 1/1 for Microsoft.VisualStudio.TestPlatform.CommandLine.Internal.ConsoleLogger., took 0 ms.
TpTrace Verbose: 0 : 19332, 4, 2022/12/15, 03:37:21.900, 86064548673, vstest.console.dll, MulticastDelegateUtilities.SafeInvoke: InternalTestLoggerEvents.SendTestResult: Invoking callback 1/1 for Microsoft.VisualStudio.TestPlatform.CommandLine.Internal.ConsoleLogger., took 0 ms.
TpTrace Verbose: 0 : 19332, 4, 2022/12/15, 03:37:21.900, 86064548969, vstest.console.dll, MulticastDelegateUtilities.SafeInvoke: InternalTestLoggerEvents.SendTestResult: Invoking callback 1/1 for Microsoft.VisualStudio.TestPlatform.CommandLine.Internal.ConsoleLogger., took 0 ms.
TpTrace Verbose: 0 : 19332, 4, 2022/12/15, 03:37:21.900, 86064549248, vstest.console.dll, MulticastDelegateUtilities.SafeInvoke: InternalTestLoggerEvents.SendTestResult: Invoking callback 1/1 for Microsoft.VisualStudio.TestPlatform.CommandLine.Internal.ConsoleLogger., took 0 ms.
TpTrace Verbose: 0 : 19332, 4, 2022/12/15, 03:37:21.900, 86064549580, vstest.console.dll, MulticastDelegateUtilities.SafeInvoke: InternalTestLoggerEvents.SendTestResult: Invoking callback 1/1 for Microsoft.VisualStudio.TestPlatform.CommandLine.Internal.ConsoleLogger., took 0 ms.
TpTrace Verbose: 0 : 19332, 12, 2022/12/15, 03:37:21.947, 86065014939, vstest.console.dll, TcpClientExtensions.MessageLoopAsync: NotifyDataAvailable remoteEndPoint: 127.0.0.1:50914 localEndPoint: 127.0.0.1:50913
TpTrace Verbose: 0 : 19332, 12, 2022/12/15, 03:37:21.947, 86065016287, vstest.console.dll, TestRequestSender.OnExecutionMessageReceived: Received message: {"Version":7,"MessageType":"TestSession.Message","Payload":{"MessageLevel":0,"Message":"NUnit Adapter 4.2.0.0: Test execution complete"}}
TpTrace Verbose: 0 : 19332, 12, 2022/12/15, 03:37:21.947, 86065017671, vstest.console.dll, TestRunRequest:SendTestRunMessage: Starting.
TpTrace Verbose: 0 : 19332, 12, 2022/12/15, 03:37:21.947, 86065018187, vstest.console.dll, MulticastDelegateUtilities.SafeInvoke: TestRun.LogMessages: Invoking callback 1/1 for Microsoft.VisualStudio.TestPlatform.CommandLine.TestRunResultAggregator., took 0 ms.
TpTrace Information: 0 : 19332, 12, 2022/12/15, 03:37:21.947, 86065018441, vstest.console.dll, TestRunRequest:SendTestRunMessage: Completed.
TpTrace Verbose: 0 : 19332, 12, 2022/12/15, 03:37:21.947, 86065018640, vstest.console.dll, MulticastDelegateUtilities.SafeInvoke: LengthPrefixCommunicationChannel: MessageReceived: Invoking callback 1/1 for Microsoft.VisualStudio.TestPlatform.CommunicationUtilities.TestRequestSender+<>c__DisplayClass31_0., took 0 ms.
TpTrace Verbose: 0 : 19332, 4, 2022/12/15, 03:37:21.947, 86065018617, vstest.console.dll, MulticastDelegateUtilities.SafeInvoke: InternalTestLoggerEvents.SendTestRunMessage: Invoking callback 1/1 for Microsoft.VisualStudio.TestPlatform.CommandLine.Internal.ConsoleLogger., took 0 ms.
TpTrace Verbose: 0 : 19332, 12, 2022/12/15, 03:37:21.947, 86065018878, vstest.console.dll, TcpClientExtensions.MessageLoopAsync: Polling on remoteEndPoint: 127.0.0.1:50914 localEndPoint: 127.0.0.1:50913
TpTrace Verbose: 0 : 19332, 12, 2022/12/15, 03:37:21.959, 86065139118, vstest.console.dll, TcpClientExtensions.MessageLoopAsync: NotifyDataAvailable remoteEndPoint: 127.0.0.1:50914 localEndPoint: 127.0.0.1:50913
TpTrace Verbose: 0 : 19332, 12, 2022/12/15, 03:37:21.960, 86065140578, vstest.console.dll, TestRequestSender.OnExecutionMessageReceived: Received message: {"Version":7,"MessageType":"TestExecution.Completed","Payload":{"TestRunCompleteArgs":{"TestRunStatistics":{"ExecutedTests":40,"Stats":{"Passed":39,"Failed":1}},"IsCanceled":false,"IsAborted":false,"Error":null,"AttachmentSets":[],"InvokedDataCollectors":[],"ElapsedTimeInRunningTests":"00:00:00.5989367","Metrics":{},"DiscoveredExtensions":{"TestDiscoverers":["NUnit.VisualStudio.TestAdapter.NUnit3TestDiscoverer, NUnit3.TestAdapter, Version=4.2.0.0, Culture=neutral, PublicKeyToken=4cb40d35494691ac"],"TestExecutors":["executor://NUnit3TestExecutor"],"TestExecutors2":[],"TestSettingsProviders":[]}},"LastRunTests":{"NewTestResults":[{"TestCase":{"Id":"133df496-a78b-4fcc-2d5b-96e2bb70de50","FullyQualifiedName":"SpendLess.UnitTests.Tests.TooManyRequestsWhenclientStatisticsIsNotNull","DisplayName":"TooManyRequestsWhenclientStatisticsIsNotNull","ExecutorUri":"executor://NUnit3TestExecutor","Source":"D:\\C#\\zapas\\master\\SpendLess\\UnitTests\\bin\\Debug\\net7.0\\fine-code-coverage\\build-output\\Tests.dll","CodeFilePath":null,"LineNumber":0,"Properties":[{"Key":{"Id":"NUnit.Seed","Label":"Seed","Category":"","Description":"","Attributes":0,"ValueType":"System.String"},"Value":"1940213434"}]},"Attachments":[],"Outcome":1,"ErrorMessage":null,"ErrorStackTrace":null,"DisplayName":"TooManyRequestsWhenclientStatisticsIsNotNull","Messages":[],"ComputerName":"DESKTOP-4Q7MK15","Duration":"00:00:00.0022790","StartTime":"2022-12-15T01:37:21.8968734+00:00","EndTime":"2022-12-15T01:37:21.8991526+00:00","Properties":[{"Key":{"Id":"NUnit.Seed","Label":"Seed","Category":"","Description":"","Attributes":0,"ValueType":"System.String"},"Value":"1940213434"}]},{"TestCase":{"Id":"7163aa94-77fa-3900-efcd-6274259ad500","FullyQualifiedName":"SpendLess.UnitTests.Tests.ValidatingUserReturnsTrueIfUserWasFoundInDatabase(True)","DisplayName":"ValidatingUserReturnsTrueIfUserWasFoundInDatabase(True)","ExecutorUri":"executor://NUnit3TestExecutor","Source":"D:\\C#\\zapas\\master\\SpendLess\\UnitTests\\bin\\Debug\\net7.0\\fine-code-coverage\\build-output\\Tests.dll","CodeFilePath":null,"LineNumber":0,"Properties":[{"Key":{"Id":"NUnit.Seed","Label":"Seed","Category":"","Description":"","Attributes":0,"ValueType":"System.String"},"Value":"495303041"}]},"Attachments":[],"Outcome":1,"ErrorMessage":null,"ErrorStackTrace":null,"DisplayName":"ValidatingUserReturnsTrueIfUserWasFoundInDatabase(True)","Messages":[],"ComputerName":"DESKTOP-4Q7MK15","Duration":"00:00:00.0042240","StartTime":"2022-12-15T01:37:21.8992046+00:00","EndTime":"2022-12-15T01:37:21.9034281+00:00","Properties":[{"Key":{"Id":"NUnit.Seed","Label":"Seed","Category":"","Description":"","Attributes":0,"ValueType":"System.String"},"Value":"495303041"}]},{"TestCase":{"Id":"1be7c975-d8bd-a077-1ace-923448522602","FullyQualifiedName":"SpendLess.UnitTests.Tests.ValidatingUserReturnsTrueIfUserWasFoundInDatabase(False)","DisplayName":"ValidatingUserReturnsTrueIfUserWasFoundInDatabase(False)","ExecutorUri":"executor://NUnit3TestExecutor","Source":"D:\\C#\\zapas\\master\\SpendLess\\UnitTests\\bin\\Debug\\net7.0\\fine-code-coverage\\build-output\\Tests.dll","CodeFilePath":null,"LineNumber":0,"Properties":[{"Key":{"Id":"NUnit.Seed","Label":"Seed","Category":"","Description":"","Attributes":0,"ValueType":"System.String"},"Value":"1060503406"}]},"Attachments":[],"Outcome":1,"ErrorMessage":null,"ErrorStackTrace":null,"DisplayName":"ValidatingUserReturnsTrueIfUserWasFoundInDatabase(False)","Messages":[],"ComputerName":"DESKTOP-4Q7MK15","Duration":"00:00:00.0014679","StartTime":"2022-12-15T01:37:21.9034667+00:00","EndTime":"2022-12-15T01:37:21.9049348+00:00","Properties":[{"Key":{"Id":"NUnit.Seed","Label":"Seed","Category":"","Description":"","Attributes":0,"ValueType":"System.String"},"Value":"1060503406"}]},{"TestCase":{"Id":"d4ee817f-e75c-23d5-3931-dda846232675","FullyQualifiedName":"SpendLess.UnitTests.Tests.VoidMethodsWithExceptionsAreLoggedByInterceptor","DisplayName":"VoidMethodsWithExceptionsAreLoggedByInterceptor","ExecutorUri":"executor://NUnit3TestExecutor","Source":"D:\\C#\\zapas\\master\\SpendLess\\UnitTests\\bin\\Debug\\net7.0\\fine-code-coverage\\build-output\\Tests.dll","CodeFilePath":null,"LineNumber":0,"Properties":[{"Key":{"Id":"NUnit.Seed","Label":"Seed","Category":"","Description":"","Attributes":0,"ValueType":"System.String"},"Value":"1263342869"}]},"Attachments":[],"Outcome":2,"ErrorMessage":"  Expected: True\r\n  But was:  False\r\n","ErrorStackTrace":"   at SpendLess.UnitTests.Tests.VoidMethodsWithExceptionsAreLoggedByInterceptor() in D:\\C#\\zapas\\master\\SpendLess\\UnitTests\\Tests.cs:line 234\r\n","DisplayName":"VoidMethodsWithExceptionsAreLoggedByInterceptor","Messages":[],"ComputerName":"DESKTOP-4Q7MK15","Duration":"00:00:00.0289780","StartTime":"2022-12-15T01:37:21.9049783+00:00","EndTime":"2022-12-15T01:37:21.9339556+00:00","Properties":[{"Key":{"Id":"NUnit.Seed","Label":"Seed","Category":"","Description":"","Attributes":0,"ValueType":"System.String"},"Value":"1263342869"}]}],"TestRunStatistics":{"ExecutedTests":40,"Stats":{"Passed":39,"Failed":1}},"ActiveTests":[]},"RunAttachments":[],"ExecutorUris":["executor://nunit3testexecutor/"]}}
TpTrace Verbose: 0 : 19332, 12, 2022/12/15, 03:37:21.960, 86065141385, vstest.console.dll, TestRequestSender.EndSession: Sending end session.
TpTrace Verbose: 0 : 19332, 12, 2022/12/15, 03:37:21.960, 86065142539, vstest.console.dll, ProxyOperationManager.Close: waiting for test host to exit for 100 ms
TpTrace Warning: 0 : 19332, 10, 2022/12/15, 03:37:22.004, 86065587371, vstest.console.dll, TestHostManagerCallbacks.ErrorReceivedCallback Test host standard error line: 
TpTrace Verbose: 0 : 19332, 10, 2022/12/15, 03:37:22.018, 86065729524, vstest.console.dll, TestHostProvider.ExitCallBack: Host exited starting callback.
TpTrace Information: 0 : 19332, 10, 2022/12/15, 03:37:22.019, 86065730824, vstest.console.dll, TestHostManagerCallbacks.ExitCallBack: Testhost processId: 9544 exited with exitcode: 0 error: ''
TpTrace Verbose: 0 : 19332, 10, 2022/12/15, 03:37:22.019, 86065731039, vstest.console.dll, DotnetTestHostManager.OnHostExited: invoking OnHostExited callback
TpTrace Verbose: 0 : 19332, 10, 2022/12/15, 03:37:22.019, 86065731364, vstest.console.dll, CrossPlatEngine.TestHostManagerHostExited: calling on client process exit callback.
TpTrace Information: 0 : 19332, 10, 2022/12/15, 03:37:22.019, 86065731631, vstest.console.dll, TestRequestSender.OnClientProcessExit: Test host process exited. Standard error: 
TpTrace Information: 0 : 19332, 10, 2022/12/15, 03:37:22.019, 86065731824, vstest.console.dll, SocketServer.Stop: Stop server endPoint: 127.0.0.1:50913
TpTrace Information: 0 : 19332, 10, 2022/12/15, 03:37:22.019, 86065732049, vstest.console.dll, SocketServer.Stop: Cancellation requested. Stopping message loop.
TpTrace Verbose: 0 : 19332, 10, 2022/12/15, 03:37:22.019, 86065732590, vstest.console.dll, MulticastDelegateUtilities.SafeInvoke: HostProviderEvents.OnHostExited: Invoking callback 1/1 for Microsoft.VisualStudio.TestPlatform.CrossPlatEngine.Client.ProxyOperationManager., took 0 ms.
TpTrace Information: 0 : 19332, 12, 2022/12/15, 03:37:22.019, 86065733332, vstest.console.dll, SocketServer.Stop: Stop server endPoint: 127.0.0.1:50913
TpTrace Information: 0 : 19332, 12, 2022/12/15, 03:37:22.019, 86065733730, vstest.console.dll, SocketServer.Stop: Cancellation requested. Stopping message loop.
TpTrace Information: 0 : 19332, 12, 2022/12/15, 03:37:22.019, 86065733984, vstest.console.dll, Closing the connection
TpTrace Verbose: 0 : 19332, 12, 2022/12/15, 03:37:22.019, 86065735460, vstest.console.dll, ProxyDataCollectionManager.InvokeDataCollectionServiceAction: Starting.
TpTrace Information: 0 : 19332, 12, 2022/12/15, 03:37:22.019, 86065735724, vstest.console.dll, ProxyDataCollectionManager.AfterTestRunEnd: Get attachment set and invoked data collectors processId: 11892 port: 50906
TpTrace Verbose: 0 : 19332, 12, 2022/12/15, 03:37:22.019, 86065736001, vstest.console.dll, DataCollectionRequestSender.SendAfterTestRunStartAndGetResult: Send AfterTestRunEnd message with isCancelled: False
TpTrace Verbose: 0 : 19332, 12, 2022/12/15, 03:37:22.025, 86065799718, vstest.console.dll, DataCollectionRequestSender.SendAfterTestRunStartAndGetResult: Received message: (DataCollection.AfterTestRunEndResult) -> {"MessageType":"DataCollection.AfterTestRunEndResult","Payload":{"AttachmentSets":[],"InvokedDataCollectors":[{"Uri":"datacollector://Microsoft/TestPlatform/Extensions/Blame/v1","FriendlyName":"Blame","AssemblyQualifiedName":"Microsoft.TestPlatform.Extensions.BlameDataCollector.BlameCollector, Microsoft.TestPlatform.Extensions.BlameDataCollector, Version=15.0.0.0, Culture=neutral, PublicKeyToken=b03f5f7f11d50a3a","FilePath":"C:\\Program Files\\dotnet\\sdk\\7.0.100\\Extensions\\Microsoft.TestPlatform.Extensions.BlameDataCollector.dll","HasAttachmentProcessor":false}],"Metrics":{}}}
TpTrace Information: 0 : 19332, 12, 2022/12/15, 03:37:22.030, 86065849666, vstest.console.dll, ProxyDataCollectionManager.InvokeDataCollectionServiceAction: Completed.
TpTrace Warning: 0 : 19332, 9, 2022/12/15, 03:37:22.046, 86066003325, vstest.console.dll, DataCollectionLauncher.ErrorReceivedCallback datacollector standard error line: 
TpTrace Information: 0 : 19332, 9, 2022/12/15, 03:37:22.052, 86066061995, vstest.console.dll, DataCollectionLauncher.ExitCallBack: Data collector exited with exitcode: 0 error: ''
TpTrace Verbose: 0 : 19332, 12, 2022/12/15, 03:37:22.065, 86066195021, vstest.console.dll, TestRunRequest:SendTestRunStatsChange: Starting.
TpTrace Verbose: 0 : 19332, 12, 2022/12/15, 03:37:22.065, 86066195879, vstest.console.dll, MulticastDelegateUtilities.SafeInvoke: TestRun.RunStatsChanged: Invoking callbacks was skipped because there are no subscribers.
TpTrace Information: 0 : 19332, 12, 2022/12/15, 03:37:22.065, 86066196057, vstest.console.dll, TestRunRequest:SendTestRunStatsChange: Completed.
TpTrace Verbose: 0 : 19332, 4, 2022/12/15, 03:37:22.065, 86066196736, vstest.console.dll, MulticastDelegateUtilities.SafeInvoke: InternalTestLoggerEvents.SendTestResult: Invoking callback 1/1 for Microsoft.VisualStudio.TestPlatform.CommandLine.Internal.ConsoleLogger., took 0 ms.
TpTrace Verbose: 0 : 19332, 4, 2022/12/15, 03:37:22.065, 86066197484, vstest.console.dll, MulticastDelegateUtilities.SafeInvoke: InternalTestLoggerEvents.SendTestResult: Invoking callback 1/1 for Microsoft.VisualStudio.TestPlatform.CommandLine.Internal.ConsoleLogger., took 0 ms.
TpTrace Verbose: 0 : 19332, 4, 2022/12/15, 03:37:22.065, 86066197710, vstest.console.dll, MulticastDelegateUtilities.SafeInvoke: InternalTestLoggerEvents.SendTestResult: Invoking callback 1/1 for Microsoft.VisualStudio.TestPlatform.CommandLine.Internal.ConsoleLogger., took 0 ms.
TpTrace Verbose: 0 : 19332, 12, 2022/12/15, 03:37:22.065, 86066200009, vstest.console.dll, ParallelProxyExecutionManager: HandlePartialRunComplete: Total completed clients = 1, Run complete = True, Run canceled: False.
TpTrace Verbose: 0 : 19332, 4, 2022/12/15, 03:37:22.066, 86066202789, vstest.console.dll, MulticastDelegateUtilities.SafeInvoke: InternalTestLoggerEvents.SendTestResult: Invoking callback 1/1 for Microsoft.VisualStudio.TestPlatform.CommandLine.Internal.ConsoleLogger., took 0 ms.
TpTrace Verbose: 0 : 19332, 4, 2022/12/15, 03:37:22.074, 86066289971, vstest.console.dll, MulticastDelegateUtilities.SafeInvoke: InternalTestLoggerEvents.SendTestRunComplete: Invoking callback 1/2 for Microsoft.TestPlatform.Extensions.BlameDataCollector.BlameLogger., took 0 ms.
TpTrace Verbose: 0 : 19332, 4, 2022/12/15, 03:37:22.079, 86066337153, vstest.console.dll, MulticastDelegateUtilities.SafeInvoke: InternalTestLoggerEvents.SendTestRunComplete: Invoking callback 2/2 for Microsoft.VisualStudio.TestPlatform.CommandLine.Internal.ConsoleLogger., took 4 ms.
TpTrace Verbose: 0 : 19332, 12, 2022/12/15, 03:37:22.080, 86066341422, vstest.console.dll, TestRunRequest:TestRunComplete: Starting. IsAborted:False IsCanceled:False.
TpTrace Verbose: 0 : 19332, 12, 2022/12/15, 03:37:22.080, 86066349984, vstest.console.dll, TestLoggerManager.HandleTestRunComplete: Ignoring as the object is disposed.
TpTrace Verbose: 0 : 19332, 12, 2022/12/15, 03:37:22.081, 86066351588, vstest.console.dll, MulticastDelegateUtilities.SafeInvoke: TestRun.TestRunComplete: Invoking callback 1/2 for Microsoft.VisualStudio.TestPlatform.CommandLine.TestRunResultAggregator., took 0 ms.
TpTrace Verbose: 0 : 19332, 12, 2022/12/15, 03:37:22.081, 86066352565, vstest.console.dll, MulticastDelegateUtilities.SafeInvoke: TestRun.TestRunComplete: Invoking callback 2/2 for Microsoft.VisualStudio.TestPlatform.CommandLine.Processors.RunTestsArgumentExecutor+TestRunRequestEventsRegistrar., took 0 ms.
TpTrace Information: 0 : 19332, 12, 2022/12/15, 03:37:22.081, 86066353275, vstest.console.dll, TestRunRequest:TestRunComplete: Completed.
TpTrace Verbose: 0 : 19332, 12, 2022/12/15, 03:37:22.081, 86066353477, vstest.console.dll, TestRequestSender.SetOperationComplete: Setting operation complete.
TpTrace Information: 0 : 19332, 12, 2022/12/15, 03:37:22.081, 86066353624, vstest.console.dll, SocketServer.Stop: Stop server endPoint: 127.0.0.1:50913
TpTrace Information: 0 : 19332, 12, 2022/12/15, 03:37:22.081, 86066353770, vstest.console.dll, SocketServer.Stop: Cancellation requested. Stopping message loop.
TpTrace Verbose: 0 : 19332, 12, 2022/12/15, 03:37:22.081, 86066353914, vstest.console.dll, MulticastDelegateUtilities.SafeInvoke: LengthPrefixCommunicationChannel: MessageReceived: Invoking callback 1/1 for Microsoft.VisualStudio.TestPlatform.CommunicationUtilities.TestRequestSender+<>c__DisplayClass31_0., took 121 ms.
TpTrace Information: 0 : 19332, 12, 2022/12/15, 03:37:22.081, 86066354115, vstest.console.dll, SocketServer.PrivateStop: Stopping server endPoint: 127.0.0.1:50913 error: 
TpTrace Verbose: 0 : 19332, 1, 2022/12/15, 03:37:22.081, 86066354532, vstest.console.dll, TestRunRequest.Dispose: Starting.
TpTrace Information: 0 : 19332, 1, 2022/12/15, 03:37:22.081, 86066354994, vstest.console.dll, TestRunRequest.Dispose: Completed.
TpTrace Information: 0 : 19332, 1, 2022/12/15, 03:37:22.081, 86066355235, vstest.console.dll, TestRequestManager.RunTests: run tests completed.
TpTrace Information: 0 : 19332, 1, 2022/12/15, 03:37:22.081, 86066355958, vstest.console.dll, RunTestsArgumentProcessor:Execute: Test run is completed.
TpTrace Verbose: 0 : 19332, 12, 2022/12/15, 03:37:22.081, 86066356739, vstest.console.dll, LengthPrefixCommunicationChannel.Dispose: Dispose reader and writer.
TpTrace Information: 0 : 19332, 12, 2022/12/15, 03:37:22.081, 86066357195, vstest.console.dll, SocketServer.Stop: Raise disconnected event endPoint: 127.0.0.1:50913 error: 
TpTrace Verbose: 0 : 19332, 1, 2022/12/15, 03:37:22.081, 86066357567, vstest.console.dll, Executor.Execute: Exiting with exit code of 1
TpTrace Verbose: 0 : 19332, 12, 2022/12/15, 03:37:22.081, 86066357784, vstest.console.dll, TestRequestSender: OnTestRunAbort: Operation is already complete. Skip error message.
TpTrace Verbose: 0 : 19332, 12, 2022/12/15, 03:37:22.081, 86066358019, vstest.console.dll, MulticastDelegateUtilities.SafeInvoke: SocketServer: ClientDisconnected: Invoking callback 1/1 for Microsoft.VisualStudio.TestPlatform.CommunicationUtilities.TestRequestSender., took 0 ms.
TpTrace Verbose: 0 : 19332, 12, 2022/12/15, 03:37:22.081, 86066358163, vstest.console.dll, TcpClientExtensions.MessageLoopAsync: exiting MessageLoopAsync remoteEndPoint: 127.0.0.1:50914 localEndPoint: 127.0.0.1:50913
